2024-06-30 19:49:15,579 - INFO - Entered name of user is = John.W
2024-06-30 19:49:15,579 - INFO - User=John.W is an admin, having Admin properties
2024-06-30 19:49:18,453 - INFO - Entered Option=1 "Create User"
2024-06-30 19:49:18,453 - INFO - User=John.W authentication successfull
2024-06-30 19:49:18,453 - INFO - User John.W admin authorization is successfull
2024-06-30 19:49:58,211 - INFO - Entered Option=4 "delete record"
2024-06-30 19:49:58,212 - INFO - delete_record function has started...
2024-06-30 19:50:07,174 - INFO - Deleted the donlee.L record...
2024-06-30 19:50:11,042 - INFO - Entered Option=5 "Read Record"
2024-06-30 19:50:11,043 - INFO - Saved Record = {'records': [{'username': 'kumar123', 'name': 'kumar.M', 'dept': 'DEV', 'dob': '2001-2-2', 'gender': 'M', 'isadmin': False}, {'username': 'dinesh2003', 'name': 'dinesh.A', 'dept': 'APP', 'dob': '2001-2-3', 'gender': 'M', 'isadmin': False}]}
2024-06-30 20:30:58,062 - INFO - Entered name of user is = donlee
2024-06-30 20:30:58,068 - WARNING - Unauthorized User=donlee, trying to access the application...
2024-06-30 20:32:03,828 - INFO - Entered name of user is = kumar.M
2024-06-30 20:32:03,828 - INFO - User=kumar.M is a user, having User properties
2024-06-30 20:32:06,501 - INFO - Entered Option=1 "Create User"
2024-06-30 20:32:06,502 - INFO - User=kumar.M authentication successfull
2024-06-30 20:32:06,502 - ERROR - User=kumar.M does not have create user profile permission
2024-06-30 20:32:09,261 - INFO - Entered Option=2 "Update your record"
2024-06-30 20:32:14,231 - INFO - update_user_record function has started....
2024-06-30 20:32:14,232 - INFO - user=kumar.M data is in records
2024-06-30 20:32:42,847 - INFO - Before updating the record = {'records': [{'username': 'kumar123', 'name': 'kumar.M', 'dept': 'DEV', 'dob': '2001-2-2', 'gender': 'M', 'isadmin': False}, {'username': 'dinesh2003', 'name': 'dinesh.A', 'dept': 'APP', 'dob': '2001-2-3', 'gender': 'M', 'isadmin': False}]}
2024-06-30 20:32:42,847 - INFO - After user updated his record = {'records': [{'username': 'makala', 'name': 'makala', 'dept': 'APP', 'dob': '2001-2-2', 'gender': 'M', 'isadmin': False}, {'username': 'dinesh2003', 'name': 'dinesh.A', 'dept': 'APP', 'dob': '2001-2-3', 'gender': 'M', 'isadmin': False}]}
2024-06-30 20:32:42,847 - INFO - update_user_record function has ended...
2024-06-30 20:32:48,193 - INFO - Entered Option=3 "Read record"
2024-06-30 20:32:48,193 - INFO - Saved Record = {'records': [{'username': 'makala', 'name': 'makala', 'dept': 'APP', 'dob': '2001-2-2', 'gender': 'M', 'isadmin': False}, {'username': 'dinesh2003', 'name': 'dinesh.A', 'dept': 'APP', 'dob': '2001-2-3', 'gender': 'M', 'isadmin': False}]}
2024-06-30 20:32:58,287 - INFO - Entered Option=4 "Exit"
2024-06-30 20:33:51,717 - INFO - Entered name of user is = John.W
2024-06-30 20:33:51,718 - INFO - User=John.W is an admin, having Admin properties
2024-06-30 20:33:53,902 - INFO - Entered Option=1 "Create User"
2024-06-30 20:33:53,902 - INFO - User=John.W authentication successfull
2024-06-30 20:33:53,902 - INFO - User John.W admin authorization is successfull
2024-06-30 20:34:24,691 - INFO - Admin John.W has created the admin user
2024-06-30 20:34:36,316 - INFO - Entered Option=5 "Read Record"
2024-06-30 20:34:36,317 - INFO - Saved Record = {'records': [{'username': 'kumar123', 'name': 'kumar.M', 'dept': 'DEV', 'dob': '2001-2-2', 'gender': 'M', 'isadmin': False}, {'username': 'dinesh2003', 'name': 'dinesh.A', 'dept': 'APP', 'dob': '2001-2-3', 'gender': 'M', 'isadmin': False}, {'username': 'donlee123', 'name': 'donlee.L', 'dept': 'TST', 'dob': '2001-1-1', 'gender': 'M', 'isadmin': True}]}
2024-06-30 20:35:00,940 - INFO - Entered Option=2 "Update Record"
2024-06-30 20:35:00,940 - INFO - kumar.M--> update_record function has started...
2024-06-30 20:35:00,940 - INFO - "message:-Modifying 1 record"
2024-06-30 20:35:14,924 - INFO - "message:- Previous record of 1 is :-" {'username': 'kumar123', 'name': 'kumar.M', 'dept': 'DEV', 'dob': '2001-2-2', 'gender': 'M', 'isadmin': False}
2024-06-30 20:35:14,926 - INFO - "message:-" "Modified 1 record is ":-{'username': 'makala', 'name': 'makala', 'dept': 'DEV', 'dob': '2001-2-2', 'gender': 'M', 'isadmin': False}
2024-06-30 20:35:14,926 - INFO - updated record is = {'records': [{'username': 'makala', 'name': 'makala', 'dept': 'DEV', 'dob': '2001-2-2', 'gender': 'M', 'isadmin': False}, {'username': 'dinesh2003', 'name': 'dinesh.A', 'dept': 'APP', 'dob': '2001-2-3', 'gender': 'M', 'isadmin': False}, {'username': 'donlee123', 'name': 'donlee.L', 'dept': 'TST', 'dob': '2001-1-1', 'gender': 'M', 'isadmin': True}]}
2024-06-30 20:35:14,926 - INFO - dinesh.A--> update_record function has started...
2024-06-30 20:35:14,926 - INFO - "message:-Modifying 2 record"
2024-06-30 20:35:30,186 - INFO - "message:- Previous record of 2 is :-" {'username': 'dinesh2003', 'name': 'dinesh.A', 'dept': 'APP', 'dob': '2001-2-3', 'gender': 'M', 'isadmin': False}
2024-06-30 20:35:30,186 - INFO - "message:-" "Modified 2 record is ":-{'username': 'sai', 'name': 'sai', 'dept': 'PROD', 'dob': '2001-2-3', 'gender': 'M', 'isadmin': False}
2024-06-30 20:35:30,188 - INFO - updated record is = {'records': [{'username': 'makala', 'name': 'makala', 'dept': 'DEV', 'dob': '2001-2-2', 'gender': 'M', 'isadmin': False}, {'username': 'sai', 'name': 'sai', 'dept': 'PROD', 'dob': '2001-2-3', 'gender': 'M', 'isadmin': False}, {'username': 'donlee123', 'name': 'donlee.L', 'dept': 'TST', 'dob': '2001-1-1', 'gender': 'M', 'isadmin': True}]}
2024-06-30 20:35:30,188 - INFO - donlee.L--> update_record function has started...
2024-06-30 20:35:30,188 - INFO - "message:-Modifying 3 record"
2024-06-30 20:35:57,753 - INFO - "message:- Previous record of 3 is :-" {'username': 'donlee123', 'name': 'donlee.L', 'dept': 'TST', 'dob': '2001-1-1', 'gender': 'M', 'isadmin': True}
2024-06-30 20:35:57,753 - INFO - "message:-" "Modified 3 record is ":-{'username': 'johnwick', 'name': 'johnwick', 'dept': 'TST', 'dob': '2001-1-1', 'gender': 'M', 'isadmin': True}
2024-06-30 20:35:57,753 - INFO - updated record is = {'records': [{'username': 'makala', 'name': 'makala', 'dept': 'DEV', 'dob': '2001-2-2', 'gender': 'M', 'isadmin': False}, {'username': 'sai', 'name': 'sai', 'dept': 'PROD', 'dob': '2001-2-3', 'gender': 'M', 'isadmin': False}, {'username': 'johnwick', 'name': 'johnwick', 'dept': 'TST', 'dob': '2001-1-1', 'gender': 'M', 'isadmin': True}]}
2024-06-30 20:35:57,753 - INFO - update_record function has ended...
2024-06-30 20:36:07,538 - INFO - Entered Option=5 "Read Record"
2024-06-30 20:36:07,538 - INFO - Saved Record = {'records': [{'username': 'makala', 'name': 'makala', 'dept': 'DEV', 'dob': '2001-2-2', 'gender': 'M', 'isadmin': False}, {'username': 'sai', 'name': 'sai', 'dept': 'PROD', 'dob': '2001-2-3', 'gender': 'M', 'isadmin': False}, {'username': 'johnwick', 'name': 'johnwick', 'dept': 'TST', 'dob': '2001-1-1', 'gender': 'M', 'isadmin': True}]}
2024-06-30 20:36:17,061 - INFO - Entered Option=4 "delete record"
2024-06-30 20:36:17,061 - INFO - delete_record function has started...
2024-06-30 20:36:26,769 - INFO - delete_record function has ended....
2024-06-30 21:14:33,187 - INFO - Entered name of user is = John.W
2024-06-30 21:14:33,188 - INFO - User=John.W is an admin, having Admin properties
2024-06-30 21:14:36,351 - INFO - Entered Option=1 "Create User"
2024-06-30 21:14:36,351 - INFO - User=John.W authentication successfull
2024-06-30 21:14:36,351 - INFO - User John.W admin authorization is successfull
2024-06-30 21:14:56,394 - INFO - Admin John.W has created the admin user
2024-06-30 21:15:05,654 - INFO - Entered Option=5 "Read Record"
2024-06-30 21:15:05,654 - INFO - Saved Record = {'records': [{'username': 'kumar123', 'name': 'kumar.M', 'dept': 'DEV', 'dob': '2001-2-2', 'gender': 'M', 'isadmin': False}, {'username': 'dinesh2003', 'name': 'dinesh.A', 'dept': 'APP', 'dob': '2001-2-3', 'gender': 'M', 'isadmin': False}, {'username': 'donlee', 'name': 'donlee.L', 'dept': 'APP', 'dob': '2001-2-2', 'gender': 'M', 'isadmin': True}]}
2024-06-30 21:15:26,736 - INFO - Entered Option=2 "Update Record"
2024-06-30 21:15:26,737 - INFO - kumar.M--> update_record function has started...
2024-06-30 21:15:26,737 - INFO - "message:-Modifying 1 record"
2024-06-30 21:15:40,933 - INFO - "message:- Previous record of 1 is :-" {'username': 'kumar123', 'name': 'kumar.M', 'dept': 'DEV', 'dob': '2001-2-2', 'gender': 'M', 'isadmin': False}
2024-06-30 21:15:40,933 - INFO - "message:-" "Modified 1 record is ":-{'username': 'makala', 'name': 'makala', 'dept': 'APP', 'dob': '2001-2-2', 'gender': 'M', 'isadmin': False}
2024-06-30 21:15:40,933 - INFO - updated record is = {'records': [{'username': 'makala', 'name': 'makala', 'dept': 'APP', 'dob': '2001-2-2', 'gender': 'M', 'isadmin': False}, {'username': 'dinesh2003', 'name': 'dinesh.A', 'dept': 'APP', 'dob': '2001-2-3', 'gender': 'M', 'isadmin': False}, {'username': 'donlee', 'name': 'donlee.L', 'dept': 'APP', 'dob': '2001-2-2', 'gender': 'M', 'isadmin': True}]}
2024-06-30 21:15:40,933 - INFO - dinesh.A--> update_record function has started...
2024-06-30 21:15:40,933 - INFO - "message:-Modifying 2 record"
2024-06-30 21:15:59,621 - INFO - "message:- Previous record of 2 is :-" {'username': 'dinesh2003', 'name': 'dinesh.A', 'dept': 'APP', 'dob': '2001-2-3', 'gender': 'M', 'isadmin': False}
2024-06-30 21:15:59,621 - INFO - "message:-" "Modified 2 record is ":-{'username': 'sai', 'name': 'sai', 'dept': 'TST', 'dob': '2001-2-3', 'gender': 'M', 'isadmin': False}
2024-06-30 21:15:59,621 - INFO - updated record is = {'records': [{'username': 'makala', 'name': 'makala', 'dept': 'APP', 'dob': '2001-2-2', 'gender': 'M', 'isadmin': False}, {'username': 'sai', 'name': 'sai', 'dept': 'TST', 'dob': '2001-2-3', 'gender': 'M', 'isadmin': False}, {'username': 'donlee', 'name': 'donlee.L', 'dept': 'APP', 'dob': '2001-2-2', 'gender': 'M', 'isadmin': True}]}
2024-06-30 21:15:59,621 - INFO - donlee.L--> update_record function has started...
2024-06-30 21:15:59,621 - INFO - "message:-Modifying 3 record"
2024-06-30 21:16:21,085 - INFO - "message:- Previous record of 3 is :-" {'username': 'donlee', 'name': 'donlee.L', 'dept': 'APP', 'dob': '2001-2-2', 'gender': 'M', 'isadmin': True}
2024-06-30 21:16:21,085 - INFO - "message:-" "Modified 3 record is ":-{'username': 'lee', 'name': 'lee', 'dept': 'OPR', 'dob': '2001-2-2', 'gender': 'M', 'isadmin': True}
2024-06-30 21:16:21,085 - INFO - updated record is = {'records': [{'username': 'makala', 'name': 'makala', 'dept': 'APP', 'dob': '2001-2-2', 'gender': 'M', 'isadmin': False}, {'username': 'sai', 'name': 'sai', 'dept': 'TST', 'dob': '2001-2-3', 'gender': 'M', 'isadmin': False}, {'username': 'lee', 'name': 'lee', 'dept': 'OPR', 'dob': '2001-2-2', 'gender': 'M', 'isadmin': True}]}
2024-06-30 21:16:21,085 - INFO - update_record function has ended...
2024-06-30 21:16:34,970 - INFO - Entered Option=5 "Read Record"
2024-06-30 21:16:34,970 - INFO - Saved Record = {'records': [{'username': 'makala', 'name': 'makala', 'dept': 'APP', 'dob': '2001-2-2', 'gender': 'M', 'isadmin': False}, {'username': 'sai', 'name': 'sai', 'dept': 'TST', 'dob': '2001-2-3', 'gender': 'M', 'isadmin': False}, {'username': 'lee', 'name': 'lee', 'dept': 'OPR', 'dob': '2001-2-2', 'gender': 'M', 'isadmin': True}]}
2024-06-30 21:17:17,538 - INFO - Entered name of user is = John,W
2024-06-30 21:17:17,538 - WARNING - Unauthorized User=John,W, trying to access the application...
2024-06-30 21:17:37,129 - INFO - Entered name of user is = John.W
2024-06-30 21:17:37,130 - INFO - User=John.W is an admin, having Admin properties
2024-06-30 21:17:39,814 - INFO - Entered Option=1 "Create User"
2024-06-30 21:17:39,814 - INFO - User=John.W authentication successfull
2024-06-30 21:17:39,814 - INFO - User John.W admin authorization is successfull
2024-06-30 21:17:58,619 - INFO - Admin John.W has created the admin user
2024-06-30 21:18:11,688 - INFO - Entered Option=2 "Update Record"
2024-06-30 21:18:11,688 - INFO - kumar.M--> update_record function has started...
2024-06-30 21:18:11,689 - INFO - "message:-Modifying 1 record"
2024-06-30 21:18:25,109 - INFO - "message:- Previous record of 1 is :-" {'username': 'kumar123', 'name': 'kumar.M', 'dept': 'DEV', 'dob': '2001-2-2', 'gender': 'M', 'isadmin': False}
2024-06-30 21:18:25,110 - INFO - "message:-" "Modified 1 record is ":-{'username': 'makala', 'name': 'makala', 'dept': 'APP', 'dob': '2001-2-2', 'gender': 'M', 'isadmin': False}
2024-06-30 21:18:25,110 - INFO - updated record is = {'records': [{'username': 'makala', 'name': 'makala', 'dept': 'APP', 'dob': '2001-2-2', 'gender': 'M', 'isadmin': False}, {'username': 'dinesh2003', 'name': 'dinesh.A', 'dept': 'APP', 'dob': '2001-2-3', 'gender': 'M', 'isadmin': False}, {'username': 'donglee', 'name': 'donglee.L', 'dept': 'TST', 'dob': '2002-2-2', 'gender': 'M', 'isadmin': True}]}
2024-06-30 21:18:25,110 - INFO - dinesh.A--> update_record function has started...
2024-06-30 21:18:25,110 - INFO - "message:-Modifying 2 record"
2024-06-30 21:18:37,789 - INFO - "message:- Previous record of 2 is :-" {'username': 'dinesh2003', 'name': 'dinesh.A', 'dept': 'APP', 'dob': '2001-2-3', 'gender': 'M', 'isadmin': False}
2024-06-30 21:18:37,789 - INFO - "message:-" "Modified 2 record is ":-{'username': 'sai', 'name': 'sai', 'dept': 'OPR', 'dob': '2001-2-3', 'gender': 'M', 'isadmin': False}
2024-06-30 21:18:37,790 - INFO - updated record is = {'records': [{'username': 'makala', 'name': 'makala', 'dept': 'APP', 'dob': '2001-2-2', 'gender': 'M', 'isadmin': False}, {'username': 'sai', 'name': 'sai', 'dept': 'OPR', 'dob': '2001-2-3', 'gender': 'M', 'isadmin': False}, {'username': 'donglee', 'name': 'donglee.L', 'dept': 'TST', 'dob': '2002-2-2', 'gender': 'M', 'isadmin': True}]}
2024-06-30 21:18:37,790 - INFO - donglee.L--> update_record function has started...
2024-06-30 21:18:37,790 - INFO - "message:-Modifying 3 record"
2024-06-30 21:19:22,846 - INFO - "message:- Previous record of 3 is :-" {'username': 'donglee', 'name': 'donglee.L', 'dept': 'TST', 'dob': '2002-2-2', 'gender': 'M', 'isadmin': True}
2024-06-30 21:19:22,846 - INFO - "message:-" "Modified 3 record is ":-{'username': 'lee', 'name': 'lee', 'dept': 'OPR', 'dob': '2002-2-2', 'gender': 'M', 'isadmin': True}
2024-06-30 21:19:22,846 - INFO - updated record is = {'records': [{'username': 'makala', 'name': 'makala', 'dept': 'APP', 'dob': '2001-2-2', 'gender': 'M', 'isadmin': False}, {'username': 'sai', 'name': 'sai', 'dept': 'OPR', 'dob': '2001-2-3', 'gender': 'M', 'isadmin': False}, {'username': 'lee', 'name': 'lee', 'dept': 'OPR', 'dob': '2002-2-2', 'gender': 'M', 'isadmin': True}]}
2024-06-30 21:19:22,846 - INFO - update_record function has ended...
2024-06-30 21:19:33,555 - INFO - Entered Option=5 "Read Record"
2024-06-30 21:19:33,555 - INFO - Saved Record = {'records': [{'username': 'makala', 'name': 'makala', 'dept': 'APP', 'dob': '2001-2-2', 'gender': 'M', 'isadmin': False}, {'username': 'sai', 'name': 'sai', 'dept': 'OPR', 'dob': '2001-2-3', 'gender': 'M', 'isadmin': False}, {'username': 'lee', 'name': 'lee', 'dept': 'OPR', 'dob': '2002-2-2', 'gender': 'M', 'isadmin': True}]}
2024-06-30 21:19:50,529 - INFO - Entered Option=4 "delete record"
2024-06-30 21:19:50,530 - INFO - delete_record function has started...
2024-06-30 21:19:59,386 - INFO - Deleted the lee record...
2024-06-30 21:19:59,387 - INFO - delete_record function has ended....
2024-06-30 21:20:07,550 - INFO - Entered Option=5 "Read Record"
2024-06-30 21:20:07,550 - INFO - Saved Record = {'records': [{'username': 'makala', 'name': 'makala', 'dept': 'APP', 'dob': '2001-2-2', 'gender': 'M', 'isadmin': False}, {'username': 'sai', 'name': 'sai', 'dept': 'OPR', 'dob': '2001-2-3', 'gender': 'M', 'isadmin': False}]}
2024-06-30 21:20:24,918 - INFO - Entered Option=4 "delete record"
2024-06-30 21:20:24,919 - INFO - delete_record function has started...
2024-06-30 21:20:41,697 - INFO - Deleted the makala record...
2024-06-30 21:20:41,697 - INFO - delete_record function has ended....
2024-06-30 21:20:55,362 - INFO - Entered Option=5 "Read Record"
2024-06-30 21:20:55,363 - INFO - Saved Record = {'records': [{'username': 'sai', 'name': 'sai', 'dept': 'OPR', 'dob': '2001-2-3', 'gender': 'M', 'isadmin': False}]}
2024-06-30 21:21:27,807 - INFO - Entered Option=6 "Exit"
2024-07-05 17:20:50,879 - INFO - Entered name of user is = John.W
2024-07-05 17:20:50,883 - INFO - User=John.W is an admin, having Admin properties
2024-07-05 17:20:55,385 - INFO - Entered Option=5 "Read Record"
2024-07-05 17:20:55,385 - INFO - Saved Record = {'records': [{'username': 'kumar123', 'name': 'kumar.M', 'dept': 'DEV', 'dob': '2001-2-2', 'gender': 'M', 'isadmin': False}, {'username': 'dinesh2003', 'name': 'dinesh.A', 'dept': 'APP', 'dob': '2001-2-3', 'gender': 'M', 'isadmin': False}]}
2024-07-05 17:21:27,161 - INFO - Entered Option=2 "Update Record"
2024-07-05 17:21:33,463 - INFO - kumar.M--> update_record function has started...
2024-07-05 17:21:33,463 - INFO - dinesh.A--> update_record function has started...
2024-07-05 17:21:33,463 - INFO - "message:-Modifying User=dinesh.A record"
2024-07-05 17:21:54,801 - INFO - "message:- Previous record of User=anepakal  is :-" {'username': 'dinesh2003', 'name': 'dinesh.A', 'dept': 'APP', 'dob': '2001-2-3', 'gender': 'M', 'isadmin': False}
2024-07-05 17:21:54,802 - INFO - "message:-" "Modified User=anepakal  record is ":-{'username': 'anepakala', 'name': 'anepakal', 'dept': 'app', 'dob': '2001-2-3', 'gender': 'M', 'isadmin': False}
2024-07-05 17:21:54,802 - INFO - updated record is = {'records': [{'username': 'kumar123', 'name': 'kumar.M', 'dept': 'DEV', 'dob': '2001-2-2', 'gender': 'M', 'isadmin': False}, {'username': 'anepakala', 'name': 'anepakal', 'dept': 'app', 'dob': '2001-2-3', 'gender': 'M', 'isadmin': False}]}
2024-07-05 17:21:54,802 - INFO - update_record function has ended...
2024-07-05 19:03:00,198 - INFO - Entered name of user is = dmkskso
2024-07-05 19:03:00,204 - WARNING - Unauthorized User=dmkskso, trying to access the application...
2024-07-05 19:03:17,743 - INFO - Entered name of user is = kumar.M
2024-07-05 19:03:17,743 - INFO - User=kumar.M is a user, having User properties
2024-07-05 19:03:24,916 - INFO - Entered Option=1 "Create User"
2024-07-05 19:03:24,917 - INFO - User=kumar.M authentication successfull
2024-07-05 19:03:24,917 - ERROR - User=kumar.M does not have create user profile permission
2024-07-05 19:03:34,670 - INFO - Entered Option=3 "Read record"
2024-07-05 19:03:34,672 - INFO - Saved Record = {'records': [{'username': 'kumar123', 'name': 'kumar.M', 'dept': 'DEV', 'dob': '2001-2-2', 'gender': 'M', 'password': 'Kumar@123', 'isadmin': False}, {'username': 'dinesh2003', 'name': 'dinesh.A', 'dept': 'APP', 'dob': '2001-2-3', 'gender': 'M', 'password': 'Dinesh&2003', 'isadmin': False}]}
2024-07-05 19:03:42,170 - INFO - Entered Option=2 "Update your record"
2024-07-05 19:03:46,613 - INFO - update_user_record function has started....
2024-07-05 19:03:46,613 - INFO - user=kumar.M data is in records
2024-07-05 19:04:01,252 - INFO - Before updating the record = {'records': [{'username': 'kumar123', 'name': 'kumar.M', 'dept': 'DEV', 'dob': '2001-2-2', 'gender': 'M', 'password': 'Kumar@123', 'isadmin': False}, {'username': 'dinesh2003', 'name': 'dinesh.A', 'dept': 'APP', 'dob': '2001-2-3', 'gender': 'M', 'password': 'Dinesh&2003', 'isadmin': False}]}
2024-07-05 19:04:01,252 - ERROR - User=makala has invalid gender = m
2024-07-05 19:04:01,252 - INFO - update_user_record function has ended...
2024-07-05 19:04:20,603 - INFO - Entered Option=2 "Update your record"
2024-07-05 19:04:25,086 - INFO - update_user_record function has started....
2024-07-05 19:04:25,087 - INFO - user=kumar.M data is in records
2024-07-05 19:04:35,004 - INFO - Before updating the record = {'records': [{'username': 'kumar123', 'name': 'kumar.M', 'dept': 'DEV', 'dob': '2001-2-2', 'gender': 'M', 'password': 'Kumar@123', 'isadmin': False}, {'username': 'dinesh2003', 'name': 'dinesh.A', 'dept': 'APP', 'dob': '2001-2-3', 'gender': 'M', 'password': 'Dinesh&2003', 'isadmin': False}]}
2024-07-05 19:04:35,005 - INFO - After user updated his record = {'records': [{'username': 'makala', 'name': 'makala', 'dept': 'App', 'dob': '2001-2-2', 'gender': 'M', 'password': 'Kumar@123', 'isadmin': False}, {'username': 'dinesh2003', 'name': 'dinesh.A', 'dept': 'APP', 'dob': '2001-2-3', 'gender': 'M', 'password': 'Dinesh&2003', 'isadmin': False}]}
2024-07-05 19:04:35,005 - INFO - update_user_record function has ended...
2024-07-05 19:04:45,875 - INFO - Entered Option=3 "Check Your Details"
2024-07-05 19:04:45,875 - INFO - user_info function started...
2024-07-05 19:04:45,875 - INFO - User=kumar.M having checking his information
2024-07-05 19:07:49,782 - INFO - Entered Option=3 "Check Your Details"
2024-07-05 19:07:49,783 - INFO - user_info function started...
2024-07-05 19:07:49,783 - INFO - User=kumar.M having checking his information
2024-07-05 19:07:59,008 - INFO - Entered Option=4 "Exit"
2024-07-05 19:08:05,953 - INFO - Entered name of user is = kumar.M
2024-07-05 19:08:05,954 - INFO - User=kumar.M is a user, having User properties
2024-07-05 19:08:08,162 - INFO - Entered Option=3 "Check Your Details"
2024-07-05 19:08:08,162 - INFO - user_info function started...
2024-07-05 19:08:08,162 - INFO - User=kumar.M having checking his information
2024-07-05 19:08:08,163 - INFO - Your information :- {'username': 'kumar123', 'name': 'kumar.M', 'dept': 'DEV', 'dob': '2001-2-2', 'gender': 'M', 'password': 'Kumar@123', 'isadmin': False}
2024-07-05 19:16:42,110 - INFO - Entered name of user is = kumar.M
2024-07-05 19:16:42,110 - INFO - User=kumar.M is a user, having User properties
2024-07-05 19:16:48,387 - INFO - Entered Option=3 "Check Your Details"
2024-07-05 19:16:48,387 - INFO - user_info function started...
2024-07-05 19:16:48,387 - INFO - User=kumar.M having checking his information
2024-07-05 19:16:48,387 - INFO - Your information :- {'username': 'kumar123', 'name': 'kumar.M', 'dept': 'DEV', 'dob': '2001-2-2', 'gender': 'M', 'password': 'Kumar@123', 'isadmin': False}
2024-07-05 19:16:50,643 - INFO - Entered Option=2 "Update your record"
2024-07-05 19:16:54,947 - INFO - update_user_record function has started....
2024-07-05 19:16:54,947 - INFO - user=kumar.M data is in records
2024-07-05 19:17:11,407 - INFO - Before updating the record = {'records': [{'username': 'kumar123', 'name': 'kumar.M', 'dept': 'DEV', 'dob': '2001-2-2', 'gender': 'M', 'password': 'Kumar@123', 'isadmin': False}, {'username': 'dinesh2003', 'name': 'dinesh.A', 'dept': 'APP', 'dob': '2001-2-3', 'gender': 'M', 'password': 'Dinesh&2003', 'isadmin': False}]}
2024-07-05 19:17:11,408 - INFO - update_user_record function has ended...
2024-07-05 19:18:51,398 - INFO - Entered name of user is = kumar.M
2024-07-05 19:18:51,398 - INFO - User=kumar.M is a user, having User properties
2024-07-05 19:18:53,600 - INFO - Entered Option=1 "Create User"
2024-07-05 19:18:53,600 - INFO - User=kumar.M authentication successfull
2024-07-05 19:18:53,600 - ERROR - User=kumar.M does not have create user profile permission
2024-07-05 19:18:56,550 - INFO - Entered Option=3 "Read record"
2024-07-05 19:18:56,550 - INFO - Saved Record = {'records': [{'username': 'kumar123', 'name': 'kumar.M', 'dept': 'DEV', 'dob': '2001-2-2', 'gender': 'M', 'password': 'Kumar@123', 'isadmin': False}, {'username': 'dinesh2003', 'name': 'dinesh.A', 'dept': 'APP', 'dob': '2001-2-3', 'gender': 'M', 'password': 'Dinesh&2003', 'isadmin': False}]}
2024-07-05 19:19:03,399 - INFO - Entered Option=2 "Update your record"
2024-07-05 19:19:08,617 - INFO - update_user_record function has started....
2024-07-05 19:19:08,617 - INFO - user=kumar.M data is in records
2024-07-05 19:19:36,229 - INFO - Before updating the record = {'records': [{'username': 'kumar123', 'name': 'kumar.M', 'dept': 'DEV', 'dob': '2001-2-2', 'gender': 'M', 'password': 'Kumar@123', 'isadmin': False}, {'username': 'dinesh2003', 'name': 'dinesh.A', 'dept': 'APP', 'dob': '2001-2-3', 'gender': 'M', 'password': 'Dinesh&2003', 'isadmin': False}]}
2024-07-05 19:19:36,229 - INFO - After user updated his record = {'records': [{'username': 'makala', 'name': 'kumar.M', 'dept': 'OPR', 'dob': '2001-2-2', 'gender': 'M', 'password': 'Kumar@123', 'isadmin': False}, {'username': 'dinesh2003', 'name': 'dinesh.A', 'dept': 'APP', 'dob': '2001-2-3', 'gender': 'M', 'password': 'Dinesh&2003', 'isadmin': False}]}
2024-07-05 19:19:36,230 - INFO - update_user_record function has ended...
2024-07-05 19:19:40,561 - INFO - Entered Option=3 "Check Your Details"
2024-07-05 19:19:40,561 - INFO - user_info function started...
2024-07-05 19:19:40,561 - INFO - User=kumar.M having checking his information
2024-07-05 19:19:40,561 - INFO - Your information :- {'username': 'makala', 'name': 'kumar.M', 'dept': 'OPR', 'dob': '2001-2-2', 'gender': 'M', 'password': 'Kumar@123', 'isadmin': False}
2024-07-05 19:19:45,077 - INFO - Entered Option=4 "Exit"
2024-07-05 19:20:00,889 - INFO - Entered name of user is = kumar,M
2024-07-05 19:20:00,890 - WARNING - Unauthorized User=kumar,M, trying to access the application...
2024-07-05 19:20:12,984 - INFO - Entered name of user is = Kumar.M
2024-07-05 19:20:12,985 - WARNING - Unauthorized User=Kumar.M, trying to access the application...
2024-07-05 19:20:30,086 - INFO - Entered name of user is = kumar.M
2024-07-05 19:20:30,086 - INFO - User=kumar.M is a user, having User properties
2024-07-05 19:20:35,738 - INFO - Entered Option=1 "Create User"
2024-07-05 19:20:35,738 - INFO - User=kumar.M authentication successfull
2024-07-05 19:20:35,738 - ERROR - User=kumar.M does not have create user profile permission
2024-07-05 19:20:38,035 - INFO - Entered Option=3 "Read record"
2024-07-05 19:20:38,035 - INFO - Saved Record = {'records': [{'username': 'kumar123', 'name': 'kumar.M', 'dept': 'DEV', 'dob': '2001-2-2', 'gender': 'M', 'password': 'Kumar@123', 'isadmin': False}, {'username': 'dinesh2003', 'name': 'dinesh.A', 'dept': 'APP', 'dob': '2001-2-3', 'gender': 'M', 'password': 'Dinesh&2003', 'isadmin': False}]}
2024-07-05 19:20:44,373 - INFO - Entered Option=3 "Check Your Details"
2024-07-05 19:20:44,373 - INFO - user_info function started...
2024-07-05 19:20:44,373 - INFO - User=kumar.M having checking his information
2024-07-05 19:20:44,374 - INFO - Your information :- {'username': 'kumar123', 'name': 'kumar.M', 'dept': 'DEV', 'dob': '2001-2-2', 'gender': 'M', 'password': 'Kumar@123', 'isadmin': False}
2024-07-05 19:21:00,800 - INFO - Entered Option=2 "Update your record"
2024-07-05 19:21:05,691 - INFO - update_user_record function has started....
2024-07-05 19:21:05,691 - INFO - user=kumar.M data is in records
2024-07-05 19:21:17,287 - INFO - Before updating the record = {'records': [{'username': 'kumar123', 'name': 'kumar.M', 'dept': 'DEV', 'dob': '2001-2-2', 'gender': 'M', 'password': 'Kumar@123', 'isadmin': False}, {'username': 'dinesh2003', 'name': 'dinesh.A', 'dept': 'APP', 'dob': '2001-2-3', 'gender': 'M', 'password': 'Dinesh&2003', 'isadmin': False}]}
2024-07-05 19:21:17,287 - INFO - update_user_record function has ended...
2024-07-05 19:22:09,257 - INFO - Entered name of user is = kumar.M
2024-07-05 19:22:09,258 - INFO - User=kumar.M is a user, having User properties
2024-07-05 19:22:11,253 - INFO - Entered Option=2 "Update your record"
2024-07-05 19:22:15,676 - INFO - update_user_record function has started....
2024-07-05 19:22:15,676 - INFO - user=kumar.M data is in records
2024-07-05 19:22:24,911 - INFO - Before updating the record = {'records': [{'username': 'kumar123', 'name': 'kumar.M', 'dept': 'DEV', 'dob': '2001-2-2', 'gender': 'M', 'password': 'Kumar@123', 'isadmin': False}, {'username': 'dinesh2003', 'name': 'dinesh.A', 'dept': 'APP', 'dob': '2001-2-3', 'gender': 'M', 'password': 'Dinesh&2003', 'isadmin': False}]}
2024-07-05 19:22:24,911 - INFO - After user updated his record = {'records': [{'username': 'makala', 'name': 'kumar.M', 'dept': 'OPR', 'dob': '2001-2-2', 'gender': 'M', 'password': 'Kumar@123', 'isadmin': False}, {'username': 'dinesh2003', 'name': 'dinesh.A', 'dept': 'APP', 'dob': '2001-2-3', 'gender': 'M', 'password': 'Dinesh&2003', 'isadmin': False}]}
2024-07-05 19:22:24,911 - INFO - update_user_record function has ended...
2024-07-05 19:22:29,019 - INFO - Entered Option=3 "Check Your Details"
2024-07-05 19:22:29,019 - INFO - user_info function started...
2024-07-05 19:22:29,020 - INFO - User=kumar.M having checking his information
2024-07-05 19:22:29,020 - INFO - Your information :- {'username': 'makala', 'name': 'kumar.M', 'dept': 'OPR', 'dob': '2001-2-2', 'gender': 'M', 'password': 'Kumar@123', 'isadmin': False}
2024-07-05 19:22:40,106 - INFO - Entered Option=4 "Exit"
2024-07-05 19:22:49,734 - INFO - Entered name of user is = John.W
2024-07-05 19:22:49,735 - INFO - User=John.W is an admin, having Admin properties
2024-07-05 19:23:03,019 - INFO - Entered Option=6 "Read Record"
2024-07-05 19:23:03,020 - INFO - Saved Record = {'records': [{'username': 'kumar123', 'name': 'kumar.M', 'dept': 'DEV', 'dob': '2001-2-2', 'gender': 'M', 'password': 'Kumar@123', 'isadmin': False}, {'username': 'dinesh2003', 'name': 'dinesh.A', 'dept': 'APP', 'dob': '2001-2-3', 'gender': 'M', 'password': 'Dinesh&2003', 'isadmin': False}]}
2024-07-05 19:23:09,481 - INFO - Entered Option=1 "Create User"
2024-07-05 19:23:09,481 - INFO - User=John.W authentication successfull
2024-07-05 19:23:09,481 - INFO - User John.W admin authorization is successfull
2024-07-05 19:23:45,930 - INFO - Admin John.W has created the admin user
2024-07-05 19:23:57,858 - INFO - Entered Option=6 "Read Record"
2024-07-05 19:23:57,859 - INFO - Saved Record = {'records': [{'username': 'kumar123', 'name': 'kumar.M', 'dept': 'DEV', 'dob': '2001-2-2', 'gender': 'M', 'password': 'Kumar@123', 'isadmin': False}, {'username': 'dinesh2003', 'name': 'dinesh.A', 'dept': 'APP', 'dob': '2001-2-3', 'gender': 'M', 'password': 'Dinesh&2003', 'isadmin': False}, {'username': 'donlee', 'name': 'donlee.L', 'dept': 'APP', 'dob': '2003-3-3', 'gender': 'M', 'password': 'Donlee#23', 'isadmin': True}]}
2024-07-05 19:26:58,484 - INFO - Entered name of user is = John.W
2024-07-05 19:26:58,485 - INFO - User=John.W is an admin, having Admin properties
2024-07-05 19:27:00,603 - INFO - Entered Option=1 "Create User"
2024-07-05 19:27:00,603 - INFO - User=John.W authentication successfull
2024-07-05 19:27:00,603 - INFO - User John.W admin authorization is successfull
2024-07-05 19:27:37,417 - INFO - Admin John.W has created the admin user
2024-07-05 19:27:45,519 - INFO - Entered Option=6 "Read Record"
2024-07-05 19:27:45,520 - INFO - Saved Record = {'records': [{'username': 'kumar123', 'name': 'kumar.M', 'dept': 'DEV', 'dob': '2001-2-2', 'gender': 'M', 'password': 'Kumar@123', 'isadmin': False}, {'username': 'dinesh2003', 'name': 'dinesh.A', 'dept': 'APP', 'dob': '2001-2-3', 'gender': 'M', 'password': 'Dinesh&2003', 'isadmin': False}, {'username': 'donlee', 'name': 'donlee.L', 'dept': 'APP', 'dob': '2003-3-3', 'gender': 'M', 'password': 'Donlee^2', 'isadmin': True}]}
2024-07-05 19:28:00,551 - INFO - Entered Option=2 "Update Record"
2024-07-05 19:28:16,030 - INFO - Admin has entered name is dinesh.A
2024-07-05 19:28:16,030 - INFO - update_record function has started...
2024-07-05 19:28:16,030 - INFO - update_record function has started...
2024-07-05 19:28:16,031 - INFO - "message:-Modifying User=dinesh.A record"
2024-07-05 19:28:39,724 - INFO - "message:- Previous record of User=boss  is :-" {'username': 'dinesh2003', 'name': 'dinesh.A', 'dept': 'APP', 'dob': '2001-2-3', 'gender': 'M', 'password': 'Dinesh&2003', 'isadmin': False}
2024-07-05 19:28:39,724 - INFO - "message:-" "Modified User=boss  record is ":-{'username': 'dinesh', 'name': 'boss', 'dept': 'ope', 'dob': '2001-2-3', 'gender': 'M', 'password': 'Dinesh&2003', 'isadmin': False}
2024-07-05 19:28:39,725 - INFO - updated record is = {'records': [{'username': 'kumar123', 'name': 'kumar.M', 'dept': 'DEV', 'dob': '2001-2-2', 'gender': 'M', 'password': 'Kumar@123', 'isadmin': False}, {'username': 'dinesh', 'name': 'boss', 'dept': 'ope', 'dob': '2001-2-3', 'gender': 'M', 'password': 'Dinesh&2003', 'isadmin': False}, {'username': 'donlee', 'name': 'donlee.L', 'dept': 'APP', 'dob': '2003-3-3', 'gender': 'M', 'password': 'Donlee^2', 'isadmin': True}]}
2024-07-05 19:28:39,725 - INFO - update_record function has started...
2024-07-05 19:28:39,725 - INFO - update_record function has ended...
2024-07-05 19:28:54,273 - INFO - Entered Option=4 "Check specify user info"
2024-07-05 19:28:54,273 - INFO - user_info function started...
2024-07-05 19:28:57,472 - INFO - Admin=John.W has entered "boss" to see his information
2024-07-05 19:28:57,472 - INFO - User=boss information :- {'username': 'dinesh', 'name': 'boss', 'dept': 'ope', 'dob': '2001-2-3', 'gender': 'M', 'password': 'Dinesh&2003', 'isadmin': False}
2024-07-05 19:29:09,185 - INFO - Entered Option=3 "Partially update record"
2024-07-05 19:29:17,735 - INFO - For User=donlee.L --> partial_update_record function has started...
2024-07-05 19:29:17,735 - INFO - "message:-" "Partial Modifying "donlee.L" record"
2024-07-05 19:29:24,979 - INFO - "message:-" "Partial Modified "don" record is ":-{'username': 'donlee', 'name': 'don', 'dept': 'APP', 'dob': '2003-3-3', 'gender': 'M', 'password': 'Donlee^2', 'isadmin': True}
2024-07-05 19:29:24,979 - INFO - Saved Record={'records': [{'username': 'kumar123', 'name': 'kumar.M', 'dept': 'DEV', 'dob': '2001-2-2', 'gender': 'M', 'password': 'Kumar@123', 'isadmin': False}, {'username': 'dinesh', 'name': 'boss', 'dept': 'ope', 'dob': '2001-2-3', 'gender': 'M', 'password': 'Dinesh&2003', 'isadmin': False}, {'username': 'donlee', 'name': 'don', 'dept': 'APP', 'dob': '2003-3-3', 'gender': 'M', 'password': 'Donlee^2', 'isadmin': True}]}
2024-07-05 19:29:24,979 - INFO - partial_update_record function has ended...
2024-07-05 19:29:39,400 - INFO - Entered Option=4 "Check specify user info"
2024-07-05 19:29:39,400 - INFO - user_info function started...
2024-07-05 19:29:41,907 - INFO - Admin=John.W has entered "don" to see his information
2024-07-05 19:29:41,907 - INFO - User=don information :- {'username': 'donlee', 'name': 'don', 'dept': 'APP', 'dob': '2003-3-3', 'gender': 'M', 'password': 'Donlee^2', 'isadmin': True}
2024-07-05 19:29:53,911 - INFO - Entered Option=6 "Reset User Password"
2024-07-05 19:29:53,911 - INFO - reset_password function has started...
2024-07-05 19:29:59,130 - INFO - Admin enterd user name is "don"
2024-07-05 19:30:22,185 - INFO - Admin changed user=don password to "Don$2003"
2024-07-05 19:30:22,185 - INFO - Before the reset password User=don password is "Donlee^2"
2024-07-05 19:30:22,185 - INFO - After the reset password User=don password is "Don$2003"
2024-07-05 19:30:28,438 - INFO - Entered Option=4 "Check specify user info"
2024-07-05 19:30:28,438 - INFO - user_info function started...
2024-07-05 19:30:30,915 - INFO - Admin=John.W has entered "don" to see his information
2024-07-05 19:30:30,915 - INFO - User=don information :- {'username': 'donlee', 'name': 'don', 'dept': 'APP', 'dob': '2003-3-3', 'gender': 'M', 'password': 'Don$2003', 'isadmin': True}
2024-07-05 19:30:40,467 - INFO - Entered Option=5 "Delete Record"
2024-07-05 19:30:40,467 - INFO - delete_record function has started...
2024-07-05 19:30:54,486 - INFO - Deleted the don record...
2024-07-05 19:30:54,487 - INFO - delete_record function has ended....
2024-07-05 19:30:59,487 - INFO - Entered Option=4 "Check specify user info"
2024-07-05 19:30:59,487 - INFO - user_info function started...
2024-07-05 19:31:01,463 - INFO - Admin=John.W has entered "don" to see his information
2024-07-05 19:31:14,981 - INFO - Entered Option=6 "Read Record"
2024-07-05 19:31:14,981 - INFO - Saved Record = {'records': [{'username': 'kumar123', 'name': 'kumar.M', 'dept': 'DEV', 'dob': '2001-2-2', 'gender': 'M', 'password': 'Kumar@123', 'isadmin': False}, {'username': 'dinesh', 'name': 'boss', 'dept': 'ope', 'dob': '2001-2-3', 'gender': 'M', 'password': 'Dinesh&2003', 'isadmin': False}]}
2024-07-05 19:31:24,987 - INFO - Entered Option=5 "Delete Record"
2024-07-05 19:31:24,987 - INFO - delete_record function has started...
2024-07-05 19:31:34,074 - INFO - Deleted the kumar.M record...
2024-07-05 19:31:34,074 - INFO - delete_record function has ended....
2024-07-05 19:31:39,800 - INFO - Entered Option=6 "Read Record"
2024-07-05 19:31:39,800 - INFO - Saved Record = {'records': [{'username': 'dinesh', 'name': 'boss', 'dept': 'ope', 'dob': '2001-2-3', 'gender': 'M', 'password': 'Dinesh&2003', 'isadmin': False}]}
2024-07-05 19:31:44,581 - INFO - Entered Option=4 "Check specify user info"
2024-07-05 19:31:44,581 - INFO - user_info function started...
2024-07-05 19:31:48,326 - INFO - Admin=John.W has entered "kumar.M" to see his information
2024-07-05 19:35:31,160 - INFO - Entered name of user is = John.W
2024-07-05 19:35:31,160 - INFO - User=John.W is an admin, having Admin properties
2024-07-05 19:35:35,029 - INFO - Entered Option=6 "Read Record"
2024-07-05 19:35:35,029 - INFO - Saved Record = {'records': [{'username': 'kumar123', 'name': 'kumar.M', 'dept': 'DEV', 'dob': '2001-2-2', 'gender': 'M', 'password': 'Kumar@123', 'isadmin': False}, {'username': 'dinesh2003', 'name': 'dinesh.A', 'dept': 'APP', 'dob': '2001-2-3', 'gender': 'M', 'password': 'Dinesh&2003', 'isadmin': False}]}
2024-07-05 19:35:38,085 - INFO - Entered Option=5 "Delete Record"
2024-07-05 19:35:38,085 - INFO - delete_record function has started...
2024-07-05 19:35:44,014 - INFO - Deleted the kumar.M record...
2024-07-05 19:35:44,015 - INFO - delete_record function has ended....
2024-07-05 19:35:46,676 - INFO - Entered Option=6 "Read Record"
2024-07-05 19:35:46,676 - INFO - Saved Record = {'records': [{'username': 'dinesh2003', 'name': 'dinesh.A', 'dept': 'APP', 'dob': '2001-2-3', 'gender': 'M', 'password': 'Dinesh&2003', 'isadmin': False}]}
2024-07-05 19:35:52,837 - INFO - Entered Option=4 "Check specify user info"
2024-07-05 19:35:52,837 - INFO - user_info function started...
2024-07-05 19:35:56,202 - INFO - Admin=John.W has entered "kumar.M" to see his information
2024-07-05 19:35:56,202 - ERROR - User=kumar.M,is not in records
2024-07-05 19:35:56,202 - ERROR - User=kumar.M,is not in records
2024-07-05 19:36:19,696 - INFO - Entered Option=6 "Read Record"
2024-07-05 19:36:19,697 - INFO - Saved Record = {'records': [{'username': 'dinesh2003', 'name': 'dinesh.A', 'dept': 'APP', 'dob': '2001-2-3', 'gender': 'M', 'password': 'Dinesh&2003', 'isadmin': False}]}
2024-07-05 19:36:26,755 - INFO - Entered Option=3 "Partially update record"
2024-07-05 19:36:31,435 - ERROR - Entered user=kumar.M has no records
2024-07-05 19:36:31,435 - INFO - Saved Record={'records': [{'username': 'dinesh2003', 'name': 'dinesh.A', 'dept': 'APP', 'dob': '2001-2-3', 'gender': 'M', 'password': 'Dinesh&2003', 'isadmin': False}]}
2024-07-05 19:36:31,436 - INFO - partial_update_record function has ended...
2024-07-05 19:36:42,536 - INFO - Entered Option=6 "Read Record"
2024-07-05 19:36:42,536 - INFO - Saved Record = {'records': [{'username': 'dinesh2003', 'name': 'dinesh.A', 'dept': 'APP', 'dob': '2001-2-3', 'gender': 'M', 'password': 'Dinesh&2003', 'isadmin': False}]}
2024-07-05 19:36:47,546 - INFO - Entered Option=6 "Reset User Password"
2024-07-05 19:36:47,546 - INFO - reset_password function has started...
2024-07-05 19:36:51,449 - INFO - Admin enterd user name is "kumar.M"
2024-07-05 19:36:51,450 - WARNING - User={Name} record is not there
2024-07-05 19:37:31,343 - INFO - Entered name of user is = John.W
2024-07-05 19:37:31,344 - INFO - User=John.W is an admin, having Admin properties
2024-07-05 19:37:35,108 - INFO - Entered Option=5 "Delete Record"
2024-07-05 19:37:35,108 - INFO - delete_record function has started...
2024-07-05 19:37:38,406 - INFO - Deleted the kumar.M record...
2024-07-05 19:37:38,406 - INFO - delete_record function has ended....
2024-07-05 19:37:40,560 - INFO - Entered Option=6 "Read Record"
2024-07-05 19:37:40,560 - INFO - Saved Record = {'records': [{'username': 'dinesh2003', 'name': 'dinesh.A', 'dept': 'APP', 'dob': '2001-2-3', 'gender': 'M', 'password': 'Dinesh&2003', 'isadmin': False}]}
2024-07-05 19:37:43,817 - INFO - Entered Option=6 "Reset User Password"
2024-07-05 19:37:43,817 - INFO - reset_password function has started...
2024-07-05 19:37:48,454 - INFO - Admin enterd user name is "kumar.M"
2024-07-05 19:37:48,454 - WARNING - User=kumar.M record is not there
2024-07-05 19:37:56,789 - INFO - Entered Option=4 "Check specify user info"
2024-07-05 19:37:56,789 - INFO - user_info function started...
2024-07-05 19:38:00,497 - INFO - Admin=John.W has entered "kumar.M" to see his information
2024-07-05 19:38:00,497 - ERROR - User=kumar.M,is not in records
2024-07-05 19:38:00,498 - ERROR - User=kumar.M,is not in records
2024-07-05 19:38:13,492 - INFO - Entered Option=4 "Check specify user info"
2024-07-05 19:38:13,492 - INFO - user_info function started...
2024-07-05 19:38:19,540 - INFO - Admin=John.W has entered "dinesh.L" to see his information
2024-07-05 19:38:19,540 - ERROR - User=dinesh.L,is not in records
2024-07-05 19:38:19,540 - ERROR - User=dinesh.L,is not in records
2024-07-05 19:38:29,425 - INFO - Entered Option=4 "Check specify user info"
2024-07-05 19:38:29,425 - INFO - user_info function started...
2024-07-05 19:38:33,390 - INFO - Admin=John.W has entered "dinesh.A" to see his information
2024-07-05 19:38:33,390 - INFO - User=dinesh.A information :- {'username': 'dinesh2003', 'name': 'dinesh.A', 'dept': 'APP', 'dob': '2001-2-3', 'gender': 'M', 'password': 'Dinesh&2003', 'isadmin': False}
2024-07-05 19:38:38,480 - INFO - Entered Option=5 "Delete Record"
2024-07-05 19:38:38,480 - INFO - delete_record function has started...
2024-07-05 19:38:43,979 - INFO - Deleted the dinesh.A record...
2024-07-05 19:38:43,980 - INFO - delete_record function has ended....
2024-07-05 19:38:47,543 - INFO - Entered Option=6 "Read Record"
2024-07-05 19:38:47,543 - INFO - Saved Record = {'records': []}
2024-07-05 19:38:53,577 - INFO - Entered Option=1 "Create User"
2024-07-05 19:38:53,577 - INFO - User=John.W authentication successfull
2024-07-05 19:38:53,577 - INFO - User John.W admin authorization is successfull
2024-07-05 19:39:30,595 - ERROR - Password donlee2 doesn't contain uppercase character
2024-07-05 19:39:42,142 - INFO - Entered Option=6 "Read Record"
2024-07-05 19:39:42,142 - INFO - Saved Record = {'records': []}
2024-07-07 08:05:59,483 - INFO - Entered name of user is = kumar.M
2024-07-07 08:05:59,484 - INFO - User=kumar.M is a user, having User properties
2024-07-07 08:06:02,015 - INFO - Entered Option=2 "Update your record"
2024-07-07 08:06:06,664 - INFO - update_user_record function has started....
2024-07-07 08:06:06,664 - INFO - user=kumar.M data is in records
2024-07-07 09:31:21,856 - INFO - Entered name of user is = John.W
2024-07-07 09:31:21,856 - INFO - User=John.W is an admin, having Admin properties
2024-07-07 09:31:32,594 - INFO - Entered Option=6 "Read Record"
2024-07-07 09:31:32,594 - INFO - Saved Record = {'records': [{'username': 'kumar123', 'name': 'kumar.M', 'dept': 'DEV', 'dob': '2001-2-2', 'gender': 'M', 'password': 'Kumar@123', 'isadmin': False}, {'username': 'dinesh2003', 'name': 'dinesh.A', 'dept': 'APP', 'dob': '2001-2-3', 'gender': 'M', 'password': 'Dinesh&2003', 'isadmin': False}]}
2024-07-07 09:31:38,710 - INFO - Entered Option=4 "Check specify user info"
2024-07-07 09:31:38,710 - INFO - user_info function started...
2024-07-07 09:31:45,706 - INFO - Admin=John.W has entered "dinesh.A" to see his information
2024-07-07 09:31:45,706 - INFO - User=dinesh.A information :- {'username': 'dinesh2003', 'name': 'dinesh.A', 'dept': 'APP', 'dob': '2001-2-3', 'gender': 'M', 'password': 'Dinesh&2003', 'isadmin': False}
2024-07-07 09:38:01,895 - INFO - Entered name of user is = kumar.M
2024-07-07 09:38:01,895 - INFO - User=kumar.M is a user, having User properties
2024-07-07 09:38:04,000 - INFO - Entered Option=4 "Read record"
2024-07-07 09:38:04,000 - INFO - Saved Record = {'records': [{'username': 'kumar123', 'name': 'kumar.M', 'dept': 'DEV', 'dob': '2001-2-2', 'gender': 'M', 'password': 'Kumar@123', 'isadmin': False}, {'username': 'dinesh2003', 'name': 'dinesh.A', 'dept': 'APP', 'dob': '2001-2-3', 'gender': 'M', 'password': 'Dinesh&2003', 'isadmin': False}]}
2024-07-07 09:38:15,994 - INFO - Entered Option=3 "Check Your Details"
2024-07-07 09:38:15,994 - INFO - user_info function started...
2024-07-07 09:38:15,994 - INFO - User=kumar.M having checking his information
2024-07-07 09:38:15,994 - INFO - Your information :- {'username': 'kumar123', 'name': 'kumar.M', 'dept': 'DEV', 'dob': '2001-2-2', 'gender': 'M', 'password': 'Kumar@123', 'isadmin': False}
2024-07-07 09:38:27,549 - INFO - Entered name of user is = John.W
2024-07-07 09:38:27,550 - INFO - User=John.W is an admin, having Admin properties
2024-07-08 17:27:33,090 - INFO - Entered name of user is = kumar.M
2024-07-08 17:27:33,091 - INFO - User=kumar.M is a user, having User properties
2024-07-08 17:27:35,924 - INFO - Entered Option=4 "Read record"
2024-07-08 17:27:35,924 - INFO - Saved Record = {'records': [{'username': 'kumar123', 'name': 'kumar.M', 'dept': 'DEV', 'dob': '2001-2-2', 'gender': 'M', 'password': 'Kumar@123', 'isadmin': False}, {'username': 'dinesh2003', 'name': 'dinesh.A', 'dept': 'APP', 'dob': '2001-2-3', 'gender': 'M', 'password': 'Dinesh&2003', 'isadmin': False}]}
2024-07-08 17:27:45,722 - INFO - Entered Option=5 "Exit"
2024-07-08 17:29:06,192 - INFO - Entered name of user is = lvlclvm
2024-07-08 17:29:06,195 - WARNING - Unauthorized User=lvlclvm, trying to access the application...
2024-07-08 18:08:20,912 - INFO - Entered name of user is = kumar.M
2024-07-08 18:08:20,915 - INFO - User=kumar.M is a user, having User properties
2024-07-08 18:08:29,226 - INFO - Entered Option=1 "Create User"
2024-07-08 18:08:29,226 - INFO - User=kumar.M authentication successfull
2024-07-08 18:08:29,226 - ERROR - User=kumar.M does not have create user profile permission
2024-07-08 18:09:06,364 - INFO - Entered name of user is = John.W
2024-07-08 18:09:06,364 - INFO - User=John.W is an admin, having Admin properties
2024-07-08 18:09:16,763 - INFO - Entered Option=1 "Create User"
2024-07-08 18:09:16,763 - INFO - User=John.W authentication successfull
2024-07-08 18:09:33,970 - INFO - Entered name of user is = fdssadc
2024-07-08 18:09:33,970 - WARNING - Unauthorized User=fdssadc, trying to access the application...
2024-07-09 17:05:57,324 - INFO - Entered name of user is = John.W
2024-07-09 17:05:57,325 - INFO - User=John.W is an admin, having Admin properties
2024-07-09 17:06:06,322 - INFO - Entered Option=6 "Read Record"
2024-07-09 17:07:01,296 - INFO - Entered name of user is = John.W
2024-07-09 17:07:01,297 - INFO - User=John.W is an admin, having Admin properties
2024-07-09 17:07:14,426 - INFO - Entered Option=5 "Delete Record"
2024-07-09 17:08:26,554 - INFO - Entered name of user is = John.W
2024-07-09 17:08:26,554 - INFO - User=John.W is an admin, having Admin properties
2024-07-09 17:08:28,173 - INFO - Entered Option=5 "Delete Record"
2024-07-09 17:09:08,472 - INFO - Entered name of user is = John.W
2024-07-09 17:09:08,472 - INFO - User=John.W is an admin, having Admin properties
2024-07-09 17:09:10,097 - INFO - Entered Option=5 "Delete Record"
2024-07-09 17:09:10,097 - INFO - User=John.W authentication successfull
2024-07-09 17:09:10,097 - INFO - delete_record function has started...
2024-07-09 17:09:17,596 - INFO - Deleted the dinesh.A record...
2024-07-09 17:09:17,596 - INFO - delete_record function has ended....
2024-07-09 17:09:24,721 - INFO - Entered Option=6 "Read Record"
2024-07-09 17:29:24,078 - INFO - Entered name of user is = John.W
2024-07-09 17:29:24,083 - INFO - User=John.W is an admin, having Admin properties
2024-07-09 17:29:31,700 - INFO - Restarting the program....
2024-07-09 17:29:37,480 - INFO - Entered name of user is = kumar.M
2024-07-09 17:29:37,482 - INFO - User=kumar.M is a user, having User properties
2024-07-09 17:29:42,471 - INFO - Restarting the program....
2024-07-09 17:31:05,717 - INFO - Entered name of user is = John.W
2024-07-09 17:31:05,717 - INFO - User=John.W is an admin, having Admin properties
2024-07-09 17:31:11,276 - INFO - Restarting the program....
2024-07-09 17:31:29,454 - INFO - Entered name of user is = kumar.M
2024-07-09 17:31:29,454 - INFO - User=kumar.M is a user, having User properties
2024-07-09 17:31:32,254 - INFO - Entered Option=4 "Read record"
2024-07-09 17:31:32,255 - INFO - User=kumar.M authentication successfull
2024-07-09 17:31:32,255 - INFO - Saved Record = {'records': [{'username': 'kumar123', 'name': 'kumar.M', 'dept': 'DEV', 'dob': '2001-2-2', 'gender': 'M', 'password': 'Kumar@123', 'isadmin': False}, {'username': 'dinesh2003', 'name': 'dinesh.A', 'dept': 'APP', 'dob': '2001-2-3', 'gender': 'M', 'password': 'Dinesh&2003', 'isadmin': False}]}
2024-07-09 17:31:41,801 - INFO - Entered Option=5 "Exit"
2024-07-09 17:39:59,068 - INFO - Entered name of user is = John.W
2024-07-09 17:39:59,069 - INFO - User=John.W is an admin, having Admin properties
2024-07-09 17:40:02,747 - INFO - Restarting the program....
2024-07-09 17:40:07,620 - INFO - Entered name of user is = John.W
2024-07-09 17:40:07,620 - INFO - User=John.W is an admin, having Admin properties
2024-07-09 17:40:10,987 - INFO - Entered Option=8 "Exit"
2024-07-09 17:41:42,738 - INFO - Entered name of user is = kumar.M
2024-07-09 17:41:42,738 - INFO - User=kumar.M is a user, having User properties
2024-07-09 17:41:47,530 - INFO - Entered Option=5 "Exit"
2024-07-09 17:42:06,348 - INFO - Entered name of user is = John.W
2024-07-09 17:42:06,349 - INFO - User=John.W is an admin, having Admin properties
2024-07-09 17:42:09,190 - INFO - Entered Option=8 "Exit"
2024-07-09 17:44:23,207 - INFO - Entered name of user is = Kumar.M
2024-07-09 17:44:23,208 - WARNING - Unauthorized User=Kumar.M, trying to access the application...
2024-07-09 17:44:39,711 - INFO - Entered name of user is = kumar.M
2024-07-09 17:44:39,712 - INFO - User=kumar.M is a user, having User properties
2024-07-09 17:44:43,728 - INFO - Entered Option=5 "Exit"
2024-07-09 17:44:43,728 - INFO - Exiting the program
2024-07-09 17:57:37,293 - INFO - Entered name of user is = John.W
2024-07-09 17:57:37,294 - INFO - User=John.W is an admin, having Admin properties
2024-07-09 17:57:41,079 - INFO - Entered Option=1 "Create User"
2024-07-09 17:57:41,079 - INFO - User=John.W authentication successfull
2024-07-09 17:58:05,635 - INFO - Admin John.W has created the admin user
2024-07-09 19:25:40,798 - INFO - Entered name of user is = dinesh
2024-07-09 19:25:40,801 - WARNING - Unauthorized User=dinesh, trying to access the application...
2024-07-09 19:26:27,184 - INFO - Entered name of user is = kumar.M
2024-07-09 19:26:27,185 - INFO - User=kumar.M is a user, having User properties
2024-07-09 19:26:39,876 - INFO - Entered Option=1 "Create User"
2024-07-09 19:26:39,877 - INFO - User=kumar.M authentication successfull
2024-07-09 19:26:39,877 - INFO - create_user function has started...
2024-07-09 19:26:39,877 - ERROR - User=kumar.M does not have create user profile permission
2024-07-09 19:26:39,877 - ERROR - User kumar.M does not have create user profile permission
2024-07-09 19:26:39,877 - INFO - create_user function has ended...
2024-07-09 19:27:43,416 - INFO - Entered Option=5 "Exit"
2024-07-09 19:27:43,416 - INFO - Exiting the program
2024-07-09 19:28:09,591 - INFO - Entered name of user is = kumar.M
2024-07-09 19:28:09,592 - INFO - User=kumar.M is a user, having User properties
2024-07-09 19:28:12,570 - INFO - Entered Option=4 "Read record"
2024-07-09 19:28:12,570 - INFO - User=kumar.M authentication successfull
2024-07-09 19:28:47,090 - INFO - Saved Record = {'records': [{'username': 'kumar123', 'name': 'kumar.M', 'dept': 'DEV', 'dob': '2001-2-2', 'gender': 'M', 'password': 'Kumar@123', 'isadmin': False}, {'username': 'dinesh2003', 'name': 'dinesh.A', 'dept': 'APP', 'dob': '2001-2-3', 'gender': 'M', 'password': 'Dinesh&2003', 'isadmin': False}]}
2024-07-09 19:29:01,975 - INFO - Entered Option=3 "Check Your Details"
2024-07-09 19:29:01,975 - INFO - User=kumar.M authentication successfull
2024-07-09 19:29:01,975 - INFO - user_info function started...
2024-07-09 19:29:01,976 - INFO - User=kumar.M having checking his information
2024-07-09 19:29:01,976 - INFO - Your information :- {'username': 'kumar123', 'name': 'kumar.M', 'dept': 'DEV', 'dob': '2001-2-2', 'gender': 'M', 'password': 'Kumar@123', 'isadmin': False}
2024-07-09 19:29:01,976 - INFO - user_info function ended...
2024-07-09 19:30:20,190 - INFO - Entered Option=2 "Update your record"
2024-07-09 19:30:20,190 - INFO - User=kumar.M authentication successfull
2024-07-09 19:30:20,190 - INFO - update_user_record function has started....
2024-07-09 19:30:20,191 - INFO - user=kumar.M data is in records
2024-07-09 19:30:31,046 - INFO - Before updating the record = {'records': [{'username': 'kumar123', 'name': 'kumar.M', 'dept': 'DEV', 'dob': '2001-2-2', 'gender': 'M', 'password': 'Kumar@123', 'isadmin': False}, {'username': 'dinesh2003', 'name': 'dinesh.A', 'dept': 'APP', 'dob': '2001-2-3', 'gender': 'M', 'password': 'Dinesh&2003', 'isadmin': False}]}
2024-07-09 19:30:31,046 - INFO - After user updated his record = {'records': [{'username': 'makala', 'name': 'kumar.M', 'dept': 'APP', 'dob': '2001-2-2', 'gender': 'M', 'password': 'Kumar@123', 'isadmin': False}, {'username': 'dinesh2003', 'name': 'dinesh.A', 'dept': 'APP', 'dob': '2001-2-3', 'gender': 'M', 'password': 'Dinesh&2003', 'isadmin': False}]}
2024-07-09 19:30:35,523 - INFO - update_user_record function has ended...
2024-07-09 19:32:01,752 - INFO - Entered name of user is = kumar.M
2024-07-09 19:32:01,752 - INFO - User=kumar.M is a user, having User properties
2024-07-09 19:32:03,516 - INFO - Entered Option=2 "Update your record"
2024-07-09 19:32:03,516 - INFO - User=kumar.M authentication successfull
2024-07-09 19:32:03,516 - INFO - update_user_record function has started....
2024-07-09 19:32:03,517 - INFO - user=kumar.M data is in records
2024-07-09 19:32:09,854 - INFO - Before updating the record = {'records': [{'username': 'kumar123', 'name': 'kumar.M', 'dept': 'DEV', 'dob': '2001-2-2', 'gender': 'M', 'password': 'Kumar@123', 'isadmin': False}, {'username': 'dinesh2003', 'name': 'dinesh.A', 'dept': 'APP', 'dob': '2001-2-3', 'gender': 'M', 'password': 'Dinesh&2003', 'isadmin': False}]}
2024-07-09 19:32:09,854 - INFO - After user updated his record = {'records': [{'username': 'makala', 'name': 'kumar.M', 'dept': 'APP', 'dob': '2001-2-2', 'gender': 'F', 'password': 'Kumar@123', 'isadmin': False}, {'username': 'dinesh2003', 'name': 'dinesh.A', 'dept': 'APP', 'dob': '2001-2-3', 'gender': 'M', 'password': 'Dinesh&2003', 'isadmin': False}]}
2024-07-09 19:32:14,921 - INFO - update_user_record function has ended...
2024-07-09 19:32:39,664 - INFO - Restarting the program....
2024-07-09 19:33:56,322 - INFO - Entered name of user is = Donlee.L
2024-07-09 19:33:56,322 - INFO - User=Donlee.L is an admin, having Admin properties
2024-07-09 19:34:02,609 - INFO - Entered Option=1 "Create User"
2024-07-09 19:34:02,609 - INFO - User=Donlee.L authentication successfull
2024-07-09 19:34:02,609 - INFO - create_user function has started...
2024-07-09 19:34:55,361 - INFO - Admin Donlee.L has created the admin user
2024-07-09 19:35:40,897 - INFO - Entered Option=6 "Read Record"
2024-07-09 19:35:40,897 - INFO - User=Donlee.L authentication successfull
2024-07-09 19:35:45,467 - INFO - Saved Record = {'records': [{'username': 'kumar123', 'name': 'kumar.M', 'dept': 'DEV', 'dob': '2001-2-2', 'gender': 'M', 'password': 'Kumar@123', 'isadmin': False}, {'username': 'dinesh2003', 'name': 'dinesh.A', 'dept': 'APP', 'dob': '2001-2-3', 'gender': 'M', 'password': 'Dinesh&2003', 'isadmin': False}, {'username': 'mahesh', 'name': 'mahesh.K', 'dept': 'OPR', 'dob': '2002-2-2', 'gender': 'M', 'password': 'Mahesh@2002', 'isadmin': True}]}
2024-07-09 19:35:53,308 - INFO - Entered Option=2 "Update Record"
2024-07-09 19:35:53,309 - INFO - User=Donlee.L authentication successfull
2024-07-09 19:35:58,749 - INFO - Admin has entered name is dinesh.A
2024-07-09 19:35:58,750 - INFO - update_record function has started...
2024-07-09 19:35:58,750 - INFO - update_record function has started...
2024-07-09 19:35:58,750 - INFO - "message:-Modifying User=dinesh.A record"
2024-07-09 19:36:26,202 - INFO - "message:- Previous record of User=bala  is :-" {'username': 'dinesh2003', 'name': 'dinesh.A', 'dept': 'APP', 'dob': '2001-2-3', 'gender': 'M', 'password': 'Dinesh&2003', 'isadmin': False}
2024-07-09 19:36:26,203 - INFO - "message:-" "Modified User=bala  record is ":-{'username': 'balakrishna', 'name': 'bala', 'dept': 'CIN', 'dob': '2001-2-3', 'gender': 'M', 'password': 'Dinesh&2003', 'isadmin': False}
2024-07-09 19:36:30,757 - INFO - updated record is = {'records': [{'username': 'kumar123', 'name': 'kumar.M', 'dept': 'DEV', 'dob': '2001-2-2', 'gender': 'M', 'password': 'Kumar@123', 'isadmin': False}, {'username': 'balakrishna', 'name': 'bala', 'dept': 'CIN', 'dob': '2001-2-3', 'gender': 'M', 'password': 'Dinesh&2003', 'isadmin': False}, {'username': 'mahesh', 'name': 'mahesh.K', 'dept': 'OPR', 'dob': '2002-2-2', 'gender': 'M', 'password': 'Mahesh@2002', 'isadmin': True}]}
2024-07-09 19:36:30,757 - INFO - update_record function has started...
2024-07-09 19:36:30,757 - INFO - update_record function has ended...
2024-07-09 19:36:50,350 - INFO - Entered Option=3 "Partially update record"
2024-07-09 19:36:50,350 - INFO - User=Donlee.L authentication successfull
2024-07-09 19:36:56,196 - ERROR - Entered user=makesh.K has no records
2024-07-09 19:36:56,196 - INFO - Saved Record={'records': [{'username': 'kumar123', 'name': 'kumar.M', 'dept': 'DEV', 'dob': '2001-2-2', 'gender': 'M', 'password': 'Kumar@123', 'isadmin': False}, {'username': 'balakrishna', 'name': 'bala', 'dept': 'CIN', 'dob': '2001-2-3', 'gender': 'M', 'password': 'Dinesh&2003', 'isadmin': False}, {'username': 'mahesh', 'name': 'mahesh.K', 'dept': 'OPR', 'dob': '2002-2-2', 'gender': 'M', 'password': 'Mahesh@2002', 'isadmin': True}]}
2024-07-09 19:36:56,196 - INFO - partial_update_record function has ended...
2024-07-09 19:37:01,433 - INFO - Entered Option=6 "Read Record"
2024-07-09 19:37:01,433 - INFO - User=Donlee.L authentication successfull
2024-07-09 19:37:06,578 - INFO - Saved Record = {'records': [{'username': 'kumar123', 'name': 'kumar.M', 'dept': 'DEV', 'dob': '2001-2-2', 'gender': 'M', 'password': 'Kumar@123', 'isadmin': False}, {'username': 'balakrishna', 'name': 'bala', 'dept': 'CIN', 'dob': '2001-2-3', 'gender': 'M', 'password': 'Dinesh&2003', 'isadmin': False}, {'username': 'mahesh', 'name': 'mahesh.K', 'dept': 'OPR', 'dob': '2002-2-2', 'gender': 'M', 'password': 'Mahesh@2002', 'isadmin': True}]}
2024-07-09 19:37:17,792 - INFO - Entered Option=3 "Partially update record"
2024-07-09 19:37:17,793 - INFO - User=Donlee.L authentication successfull
2024-07-09 19:37:21,889 - INFO - For User=mahesh.K --> partial_update_record function has started...
2024-07-09 19:37:21,889 - INFO - "message:-" "Partial Modifying "mahesh.K" record"
2024-07-09 19:37:50,098 - INFO - "message:-" "Partial Modified "maheshbabu" record is ":-{'username': 'mahesh', 'name': 'maheshbabu', 'dept': 'OPR', 'dob': '2002-2-2', 'gender': 'M', 'password': 'Mahesh@2002', 'isadmin': True}
2024-07-09 19:37:50,098 - INFO - Saved Record={'records': [{'username': 'kumar123', 'name': 'kumar.M', 'dept': 'DEV', 'dob': '2001-2-2', 'gender': 'M', 'password': 'Kumar@123', 'isadmin': False}, {'username': 'balakrishna', 'name': 'bala', 'dept': 'CIN', 'dob': '2001-2-3', 'gender': 'M', 'password': 'Dinesh&2003', 'isadmin': False}, {'username': 'mahesh', 'name': 'maheshbabu', 'dept': 'OPR', 'dob': '2002-2-2', 'gender': 'M', 'password': 'Mahesh@2002', 'isadmin': True}]}
2024-07-09 19:37:50,099 - INFO - partial_update_record function has ended...
2024-07-09 19:38:35,088 - INFO - Entered Option=4 "Check specify user info"
2024-07-09 19:38:35,088 - INFO - User=Donlee.L authentication successfull
2024-07-09 19:38:35,088 - INFO - user_info function started...
2024-07-09 19:38:37,613 - INFO - Admin=Donlee.L has entered "bala" to see his information
2024-07-09 19:38:37,613 - INFO - User=bala information :- {'username': 'balakrishna', 'name': 'bala', 'dept': 'CIN', 'dob': '2001-2-3', 'gender': 'M', 'password': 'Dinesh&2003', 'isadmin': False}
2024-07-09 19:38:37,613 - INFO - user_info function ended...
2024-07-09 20:28:04,803 - INFO - Entered name of user is = Donlee.L
2024-07-09 20:28:04,804 - INFO - User=Donlee.L is an admin, having Admin properties
2024-07-09 20:28:11,453 - INFO - Entered Option=6 "Read Record"
2024-07-09 20:28:11,453 - INFO - User=Donlee.L authentication successfull
2024-07-09 20:28:16,082 - INFO - Saved Record = {'records': [{'username': 'kumar123', 'name': 'kumar.M', 'dept': 'DEV', 'dob': '2001-2-2', 'gender': 'M', 'password': 'Kumar@123', 'isadmin': False}, {'username': 'dinesh2003', 'name': 'dinesh.A', 'dept': 'APP', 'dob': '2001-2-3', 'gender': 'M', 'password': 'Dinesh&2003', 'isadmin': False}]}
2024-07-09 20:28:42,227 - INFO - Entered Option=4 "Check specify user info"
2024-07-09 20:28:42,227 - INFO - User=Donlee.L authentication successfull
2024-07-09 20:28:42,227 - INFO - user_info function started...
2024-07-09 20:28:46,037 - INFO - Admin=Donlee.L has entered "dinesh.A" to see his information
2024-07-09 20:28:50,477 - INFO - User=dinesh.A information :- {'username': 'dinesh2003', 'name': 'dinesh.A', 'dept': 'APP', 'dob': '2001-2-3', 'gender': 'M', 'password': 'Dinesh&2003', 'isadmin': False}
2024-07-09 20:28:50,477 - INFO - user_info function ended...
2024-07-09 20:29:08,703 - INFO - Entered Option=6 "Read Record"
2024-07-09 20:29:08,703 - INFO - User=Donlee.L authentication successfull
2024-07-09 20:29:13,414 - INFO - Saved Record = {'records': [{'username': 'kumar123', 'name': 'kumar.M', 'dept': 'DEV', 'dob': '2001-2-2', 'gender': 'M', 'password': 'Kumar@123', 'isadmin': False}, {'username': 'dinesh2003', 'name': 'dinesh.A', 'dept': 'APP', 'dob': '2001-2-3', 'gender': 'M', 'password': 'Dinesh&2003', 'isadmin': False}]}
2024-07-09 20:29:17,010 - INFO - Entered Option=5 "Delete Record"
2024-07-09 20:29:17,010 - INFO - User=Donlee.L authentication successfull
2024-07-09 20:29:17,010 - INFO - delete_record function has started...
2024-07-09 20:29:26,761 - INFO - Deleted the dinesh.A record...
2024-07-09 20:29:26,761 - INFO - delete_record function has ended....
2024-07-09 20:29:37,114 - INFO - Entered Option=6 "Reset User Password"
2024-07-09 20:29:37,114 - INFO - User=Donlee.L authentication successfull
2024-07-09 20:29:37,114 - INFO - reset_password function has started...
2024-07-09 20:29:43,990 - INFO - Admin enterd user name is "kumar.M"
2024-07-09 20:29:56,375 - INFO - Admin changed user=kumar.M password to "Makala#2789"
2024-07-09 20:29:56,376 - INFO - Before the reset password User=kumar.M password is "Kumar@123"
2024-07-09 20:30:01,069 - INFO - After the reset password User=kumar.M password is "Makala#2789"
2024-07-09 20:30:01,069 - INFO - reset_password function has ended...
2024-07-09 20:30:22,239 - INFO - Entered Option=8 "Exit"
2024-07-09 20:30:22,239 - INFO - Exiting the program
