2024-06-25 18:10:59,259 - INFO - new_record function started...
2024-06-25 18:10:59,259 - INFO - 454234234245 --> new_record function started...
2024-06-25 18:10:59,259 - INFO - Mobile number=454234234245 verification is successful
2024-06-25 18:10:59,265 - INFO - Record added successfully :- {'records': [{'mobile': 454234234245, 'name': 'kumar', 'gender': 'M', 'dob': '2003-3-12', 'company': 'KXN'}]}
2024-06-25 18:10:59,265 - INFO - new_record function started...
2024-06-25 18:10:59,265 - INFO - 919000070128 --> new_record function started...
2024-06-25 18:10:59,265 - INFO - Mobile number=919000070128 verification is successful
2024-06-25 18:10:59,265 - INFO - Record added successfully :- {'records': [{'mobile': 454234234245, 'name': 'kumar', 'gender': 'M', 'dob': '2003-3-12', 'company': 'KXN'}, {'mobile': 919000070128, 'name': 'Kajal', 'gender': 'F', 'dob': '2001-2-2', 'company': 'APD'}]}
2024-06-25 18:10:59,265 - INFO - Saved records = {'records': [{'mobile': 454234234245, 'name': 'kumar', 'gender': 'M', 'dob': '2003-3-12', 'company': 'KXN'}, {'mobile': 919000070128, 'name': 'Kajal', 'gender': 'F', 'dob': '2001-2-2', 'company': 'APD'}]}
2024-06-25 18:10:59,265 - INFO - 454234234245 --> update_record function has started...
2024-06-25 18:10:59,265 - INFO - "message:-Modifying 1 record"
2024-06-25 18:11:07,910 - INFO - "message:- Previous record of 1 is :-" {'mobile': 454234234245, 'name': 'kumar', 'gender': 'M', 'dob': '2003-3-12', 'company': 'acc'}
2024-06-25 18:11:07,910 - INFO - "message:-" "Modified 1 record is ":-{'mobile': 454234234245, 'name': 'sai', 'gender': 'M', 'dob': '2003-3-12', 'company': 'acc'}
2024-06-25 18:11:07,911 - INFO - 919000070128 --> update_record function has started...
2024-06-25 18:11:07,911 - INFO - "message:-Modifying 2 record"
2024-06-25 18:11:20,981 - INFO - "message:- Previous record of 2 is :-" {'mobile': 919000070128, 'name': 'Kajal', 'gender': 'F', 'dob': '2001-2-2', 'company': 'dell'}
2024-06-25 18:11:20,981 - INFO - "message:-" "Modified 2 record is ":-{'mobile': 919000070128, 'name': 'lajal', 'gender': 'F', 'dob': '2001-2-2', 'company': 'dell'}
2024-06-25 18:11:20,981 - INFO - updated record is = {'records': [{'mobile': 454234234245, 'name': 'sai', 'gender': 'M', 'dob': '2003-3-12', 'company': 'acc'}, {'mobile': 919000070128, 'name': 'lajal', 'gender': 'F', 'dob': '2001-2-2', 'company': 'dell'}]}
2024-06-25 18:11:20,982 - INFO - update_record function has ended...
2024-06-25 18:11:20,982 - INFO - 454234234245 --> partial_update_record function has started...
2024-06-25 18:11:20,982 - INFO - "message:-" "Partial Modifying 1 record"
2024-06-25 18:11:25,995 - INFO - "message:-" "Partial Modified 1 record is ":-{'mobile': 454234234245, 'name': 'Dinehs', 'gender': 'M', 'dob': '2003-3-12', 'company': 'acc'}
2024-06-25 18:11:25,995 - INFO - 919000070128 --> partial_update_record function has started...
2024-06-25 18:11:25,995 - INFO - "message:-" "Partial Modifying 2 record"
2024-06-25 18:11:45,006 - INFO - "message:-" "Partial Modified 2 record is ":-{'mobile': 919000070128, 'name': 'Anu', 'gender': 'F', 'dob': '2001-2-2', 'company': 'dell'}
2024-06-25 18:11:45,006 - INFO - Saved Record={'records': [{'mobile': 454234234245, 'name': 'Dinehs', 'gender': 'M', 'dob': '2003-3-12', 'company': 'acc'}, {'mobile': 919000070128, 'name': 'Anu', 'gender': 'F', 'dob': '2001-2-2', 'company': 'dell'}]}
2024-06-25 18:11:45,007 - INFO - partial_update_record function has ended...
2024-06-25 18:11:52,642 - INFO - 454234234245 --> delete_record function has started...
2024-06-25 18:11:52,642 - INFO - Deleted the record contains mobile number=454234234245
2024-06-25 18:11:52,642 - INFO - After deleting data is = {'records': [{}, {'mobile': 919000070128, 'name': 'Anu', 'gender': 'F', 'dob': '2001-2-2', 'company': 'dell'}]}
2024-06-25 18:12:18,484 - INFO - new_record function started...
2024-06-25 18:12:18,484 - INFO - 454234234245 --> new_record function started...
2024-06-25 18:12:18,484 - INFO - Mobile number=454234234245 verification is successful
2024-06-25 18:12:18,492 - INFO - Record added successfully :- {'records': [{'mobile': 454234234245, 'name': 'kumar', 'gender': 'M', 'dob': '2003-3-12', 'company': 'KXN'}]}
2024-06-25 18:12:18,492 - INFO - new_record function started...
2024-06-25 18:12:18,492 - INFO - 919000070128 --> new_record function started...
2024-06-25 18:12:18,492 - INFO - Mobile number=919000070128 verification is successful
2024-06-25 18:12:18,492 - INFO - Record added successfully :- {'records': [{'mobile': 454234234245, 'name': 'kumar', 'gender': 'M', 'dob': '2003-3-12', 'company': 'KXN'}, {'mobile': 919000070128, 'name': 'Kajal', 'gender': 'F', 'dob': '2001-2-2', 'company': 'APD'}]}
2024-06-25 18:12:18,492 - INFO - Saved records = {'records': [{'mobile': 454234234245, 'name': 'kumar', 'gender': 'M', 'dob': '2003-3-12', 'company': 'KXN'}, {'mobile': 919000070128, 'name': 'Kajal', 'gender': 'F', 'dob': '2001-2-2', 'company': 'APD'}]}
2024-06-25 18:12:18,492 - INFO - 454234234245 --> update_record function has started...
2024-06-25 18:12:18,492 - INFO - "message:-Modifying 1 record"
2024-06-25 18:12:26,214 - INFO - "message:- Previous record of 1 is :-" {'mobile': 454234234245, 'name': 'kumar', 'gender': 'M', 'dob': '2003-3-12', 'company': 'dell'}
2024-06-25 18:12:26,214 - ERROR - User name cannot be 1 character for user mobile -454234234245
2024-06-25 18:12:29,914 - INFO - new_record function started...
2024-06-25 18:12:29,914 - INFO - 454234234245 --> new_record function started...
2024-06-25 18:12:29,914 - INFO - Mobile number=454234234245 verification is successful
2024-06-25 18:12:29,920 - INFO - Record added successfully :- {'records': [{'mobile': 454234234245, 'name': 'kumar', 'gender': 'M', 'dob': '2003-3-12', 'company': 'KXN'}]}
2024-06-25 18:12:29,920 - INFO - new_record function started...
2024-06-25 18:12:29,920 - INFO - 919000070128 --> new_record function started...
2024-06-25 18:12:29,920 - INFO - Mobile number=919000070128 verification is successful
2024-06-25 18:12:29,920 - INFO - Record added successfully :- {'records': [{'mobile': 454234234245, 'name': 'kumar', 'gender': 'M', 'dob': '2003-3-12', 'company': 'KXN'}, {'mobile': 919000070128, 'name': 'Kajal', 'gender': 'F', 'dob': '2001-2-2', 'company': 'APD'}]}
2024-06-25 18:12:29,920 - INFO - Saved records = {'records': [{'mobile': 454234234245, 'name': 'kumar', 'gender': 'M', 'dob': '2003-3-12', 'company': 'KXN'}, {'mobile': 919000070128, 'name': 'Kajal', 'gender': 'F', 'dob': '2001-2-2', 'company': 'APD'}]}
2024-06-25 18:12:29,920 - INFO - 454234234245 --> update_record function has started...
2024-06-25 18:12:29,920 - INFO - "message:-Modifying 1 record"
2024-06-25 18:12:34,636 - INFO - "message:- Previous record of 1 is :-" {'mobile': 454234234245, 'name': 'kumar', 'gender': 'M', 'dob': '2003-3-12', 'company': 'dell'}
2024-06-25 18:12:34,636 - ERROR - User=sai entered invalid gender = S
2024-06-25 18:12:37,394 - INFO - new_record function started...
2024-06-25 18:12:37,394 - INFO - 454234234245 --> new_record function started...
2024-06-25 18:12:37,394 - INFO - Mobile number=454234234245 verification is successful
2024-06-25 18:12:37,401 - INFO - Record added successfully :- {'records': [{'mobile': 454234234245, 'name': 'kumar', 'gender': 'M', 'dob': '2003-3-12', 'company': 'KXN'}]}
2024-06-25 18:12:37,401 - INFO - new_record function started...
2024-06-25 18:12:37,401 - INFO - 919000070128 --> new_record function started...
2024-06-25 18:12:37,402 - INFO - Mobile number=919000070128 verification is successful
2024-06-25 18:12:37,402 - INFO - Record added successfully :- {'records': [{'mobile': 454234234245, 'name': 'kumar', 'gender': 'M', 'dob': '2003-3-12', 'company': 'KXN'}, {'mobile': 919000070128, 'name': 'Kajal', 'gender': 'F', 'dob': '2001-2-2', 'company': 'APD'}]}
2024-06-25 18:12:37,402 - INFO - Saved records = {'records': [{'mobile': 454234234245, 'name': 'kumar', 'gender': 'M', 'dob': '2003-3-12', 'company': 'KXN'}, {'mobile': 919000070128, 'name': 'Kajal', 'gender': 'F', 'dob': '2001-2-2', 'company': 'APD'}]}
2024-06-25 18:12:37,402 - INFO - 454234234245 --> update_record function has started...
2024-06-25 18:12:37,402 - INFO - "message:-Modifying 1 record"
2024-06-25 18:12:43,169 - INFO - "message:- Previous record of 1 is :-" {'mobile': 454234234245, 'name': 'kumar', 'gender': 'M', 'dob': '2003-3-12', 'company': 'dell'}
2024-06-25 18:12:43,169 - INFO - "message:-" "Modified 1 record is ":-{'mobile': 454234234245, 'name': 'sai', 'gender': 'M', 'dob': '2003-3-12', 'company': 'dell'}
2024-06-25 18:12:43,169 - INFO - 919000070128 --> update_record function has started...
2024-06-25 18:12:43,170 - INFO - "message:-Modifying 2 record"
2024-06-25 18:12:50,904 - INFO - "message:- Previous record of 2 is :-" {'mobile': 919000070128, 'name': 'Kajal', 'gender': 'F', 'dob': '2001-2-2', 'company': 'dell'}
2024-06-25 18:12:50,904 - ERROR - User name cannot be 1 character for user mobile -919000070128
2024-06-25 18:12:53,297 - INFO - new_record function started...
2024-06-25 18:12:53,298 - INFO - 454234234245 --> new_record function started...
2024-06-25 18:12:53,298 - INFO - Mobile number=454234234245 verification is successful
2024-06-25 18:12:53,303 - INFO - Record added successfully :- {'records': [{'mobile': 454234234245, 'name': 'kumar', 'gender': 'M', 'dob': '2003-3-12', 'company': 'KXN'}]}
2024-06-25 18:12:53,303 - INFO - new_record function started...
2024-06-25 18:12:53,303 - INFO - 919000070128 --> new_record function started...
2024-06-25 18:12:53,303 - INFO - Mobile number=919000070128 verification is successful
2024-06-25 18:12:53,304 - INFO - Record added successfully :- {'records': [{'mobile': 454234234245, 'name': 'kumar', 'gender': 'M', 'dob': '2003-3-12', 'company': 'KXN'}, {'mobile': 919000070128, 'name': 'Kajal', 'gender': 'F', 'dob': '2001-2-2', 'company': 'APD'}]}
2024-06-25 18:12:53,304 - INFO - Saved records = {'records': [{'mobile': 454234234245, 'name': 'kumar', 'gender': 'M', 'dob': '2003-3-12', 'company': 'KXN'}, {'mobile': 919000070128, 'name': 'Kajal', 'gender': 'F', 'dob': '2001-2-2', 'company': 'APD'}]}
2024-06-25 18:12:53,304 - INFO - 454234234245 --> update_record function has started...
2024-06-25 18:12:53,304 - INFO - "message:-Modifying 1 record"
2024-06-25 18:12:58,593 - INFO - "message:- Previous record of 1 is :-" {'mobile': 454234234245, 'name': 'kumar', 'gender': 'M', 'dob': '2003-3-12', 'company': 'Dell'}
2024-06-25 18:12:58,593 - INFO - "message:-" "Modified 1 record is ":-{'mobile': 454234234245, 'name': 'sai', 'gender': 'M', 'dob': '2003-3-12', 'company': 'Dell'}
2024-06-25 18:12:58,593 - INFO - 919000070128 --> update_record function has started...
2024-06-25 18:12:58,594 - INFO - "message:-Modifying 2 record"
2024-06-25 18:13:05,162 - INFO - "message:- Previous record of 2 is :-" {'mobile': 919000070128, 'name': 'Kajal', 'gender': 'F', 'dob': '2001-2-2', 'company': 'acc'}
2024-06-25 18:13:05,162 - INFO - "message:-" "Modified 2 record is ":-{'mobile': 919000070128, 'name': 'Dinesh', 'gender': 'M', 'dob': '2001-2-2', 'company': 'acc'}
2024-06-25 18:13:05,162 - INFO - updated record is = {'records': [{'mobile': 454234234245, 'name': 'sai', 'gender': 'M', 'dob': '2003-3-12', 'company': 'Dell'}, {'mobile': 919000070128, 'name': 'Dinesh', 'gender': 'M', 'dob': '2001-2-2', 'company': 'acc'}]}
2024-06-25 18:13:05,163 - INFO - update_record function has ended...
2024-06-25 18:13:05,163 - INFO - 454234234245 --> partial_update_record function has started...
2024-06-25 18:13:05,163 - INFO - "message:-" "Partial Modifying 1 record"
2024-06-25 18:13:13,348 - INFO - "message:-" "Partial Modified 1 record is ":-{'mobile': 454234234245, 'name': 'Sai', 'gender': 'M', 'dob': '2003-3-12', 'company': 'Dell'}
2024-06-25 18:13:13,348 - INFO - 919000070128 --> partial_update_record function has started...
2024-06-25 18:13:13,348 - INFO - "message:-" "Partial Modifying 2 record"
2024-06-25 18:13:17,374 - ERROR - User name cannot be 1 character for user mobile -919000070128
2024-06-25 18:13:19,985 - INFO - new_record function started...
2024-06-25 18:13:19,985 - INFO - 454234234245 --> new_record function started...
2024-06-25 18:13:19,985 - INFO - Mobile number=454234234245 verification is successful
2024-06-25 18:13:19,991 - INFO - Record added successfully :- {'records': [{'mobile': 454234234245, 'name': 'kumar', 'gender': 'M', 'dob': '2003-3-12', 'company': 'KXN'}]}
2024-06-25 18:13:19,992 - INFO - new_record function started...
2024-06-25 18:13:19,992 - INFO - 919000070128 --> new_record function started...
2024-06-25 18:13:19,992 - INFO - Mobile number=919000070128 verification is successful
2024-06-25 18:13:19,992 - INFO - Record added successfully :- {'records': [{'mobile': 454234234245, 'name': 'kumar', 'gender': 'M', 'dob': '2003-3-12', 'company': 'KXN'}, {'mobile': 919000070128, 'name': 'Kajal', 'gender': 'F', 'dob': '2001-2-2', 'company': 'APD'}]}
2024-06-25 18:13:19,992 - INFO - Saved records = {'records': [{'mobile': 454234234245, 'name': 'kumar', 'gender': 'M', 'dob': '2003-3-12', 'company': 'KXN'}, {'mobile': 919000070128, 'name': 'Kajal', 'gender': 'F', 'dob': '2001-2-2', 'company': 'APD'}]}
2024-06-25 18:13:19,992 - INFO - 454234234245 --> update_record function has started...
2024-06-25 18:13:19,992 - INFO - "message:-Modifying 1 record"
2024-06-25 18:13:26,068 - INFO - "message:- Previous record of 1 is :-" {'mobile': 454234234245, 'name': 'kumar', 'gender': 'M', 'dob': '2003-3-12', 'company': 'dell'}
2024-06-25 18:13:26,068 - INFO - "message:-" "Modified 1 record is ":-{'mobile': 454234234245, 'name': 'sai', 'gender': 'M', 'dob': '2003-3-12', 'company': 'dell'}
2024-06-25 18:13:26,068 - INFO - 919000070128 --> update_record function has started...
2024-06-25 18:13:26,068 - INFO - "message:-Modifying 2 record"
2024-06-25 18:13:32,619 - INFO - "message:- Previous record of 2 is :-" {'mobile': 919000070128, 'name': 'Kajal', 'gender': 'F', 'dob': '2001-2-2', 'company': 'acc'}
2024-06-25 18:13:32,619 - INFO - "message:-" "Modified 2 record is ":-{'mobile': 919000070128, 'name': 'dinesh', 'gender': 'M', 'dob': '2001-2-2', 'company': 'acc'}
2024-06-25 18:13:32,620 - INFO - updated record is = {'records': [{'mobile': 454234234245, 'name': 'sai', 'gender': 'M', 'dob': '2003-3-12', 'company': 'dell'}, {'mobile': 919000070128, 'name': 'dinesh', 'gender': 'M', 'dob': '2001-2-2', 'company': 'acc'}]}
2024-06-25 18:13:32,620 - INFO - update_record function has ended...
2024-06-25 18:13:32,620 - INFO - 454234234245 --> partial_update_record function has started...
2024-06-25 18:13:32,620 - INFO - "message:-" "Partial Modifying 1 record"
2024-06-25 18:13:42,284 - INFO - "message:-" "Partial Modified 1 record is ":-{'mobile': 454234234245, 'name': 'dharma', 'gender': 'M', 'dob': '2003-3-12', 'company': 'dell'}
2024-06-25 18:13:42,284 - INFO - 919000070128 --> partial_update_record function has started...
2024-06-25 18:13:42,284 - INFO - "message:-" "Partial Modifying 2 record"
2024-06-25 18:13:45,216 - INFO - "message:-" "Partial Modified 2 record is ":-{'mobile': 919000070128, 'name': 'teja', 'gender': 'M', 'dob': '2001-2-2', 'company': 'acc'}
2024-06-25 18:13:45,216 - INFO - Saved Record={'records': [{'mobile': 454234234245, 'name': 'dharma', 'gender': 'M', 'dob': '2003-3-12', 'company': 'dell'}, {'mobile': 919000070128, 'name': 'teja', 'gender': 'M', 'dob': '2001-2-2', 'company': 'acc'}]}
2024-06-25 18:13:45,216 - INFO - partial_update_record function has ended...
2024-06-25 18:13:55,952 - INFO - 454234234245 --> delete_record function has started...
2024-06-25 18:13:55,952 - INFO - Deleted the record contains mobile number=454234234245
2024-06-25 18:13:55,952 - INFO - After deleting data is = {'records': [{}, {'mobile': 919000070128, 'name': 'teja', 'gender': 'M', 'dob': '2001-2-2', 'company': 'acc'}]}
2024-06-26 07:33:42,188 - INFO - new_record function started...
2024-06-26 07:33:42,188 - INFO - 4234234245 --> new_record function started...
2024-06-26 07:33:42,188 - ERROR - Invalid Mobile number length 10. Valid length is 12
2024-06-26 07:33:42,189 - INFO - 4234234245 --> new_record function ended...
2024-06-26 07:33:42,189 - INFO - new_record function started...
2024-06-26 07:33:42,189 - INFO - 919000070128 --> new_record function started...
2024-06-26 07:33:42,189 - INFO - Mobile number=919000070128 verification is successful
2024-06-26 07:33:42,200 - INFO - Record added successfully :- {'records': [{'mobile': 919000070128, 'name': 'Kajal', 'gender': 'F', 'dob': '2001-2-2', 'company': 'APD'}]}
2024-06-26 07:33:42,200 - INFO - Saved records = {'records': [{'mobile': 919000070128, 'name': 'Kajal', 'gender': 'F', 'dob': '2001-2-2', 'company': 'APD'}]}
2024-06-26 07:33:42,200 - INFO - 919000070128 --> update_record function has started...
2024-06-26 07:33:42,200 - INFO - "message:-Modifying 1 record"
2024-06-26 07:36:45,450 - INFO - new_record function started...
2024-06-26 07:36:45,450 - INFO - 454234234245 --> new_record function started...
2024-06-26 07:36:45,450 - INFO - Mobile number=454234234245 verification is successful
2024-06-26 07:36:45,460 - ERROR - User=kumar,entered wrong format of DOB
2024-06-26 07:36:45,460 - INFO - 454234234245 --> new_record function ended...
2024-06-26 07:36:45,460 - INFO - new_record function started...
2024-06-26 07:36:45,460 - INFO - 919000070128 --> new_record function started...
2024-06-26 07:36:45,460 - INFO - Mobile number=919000070128 verification is successful
2024-06-26 07:36:45,461 - INFO - Record added successfully :- {'records': [{'mobile': 919000070128, 'name': 'Kajal', 'gender': 'F', 'dob': '2001-2-2', 'company': 'APD'}]}
2024-06-26 07:36:45,461 - INFO - Saved records = {'records': [{'mobile': 919000070128, 'name': 'Kajal', 'gender': 'F', 'dob': '2001-2-2', 'company': 'APD'}]}
2024-06-26 07:36:45,461 - INFO - 919000070128 --> update_record function has started...
2024-06-26 07:36:45,461 - INFO - "message:-Modifying 1 record"
2024-06-26 07:47:49,114 - INFO - "message:- Previous record of 1 is :-" {'mobile': 919000070128, 'name': 'Kajal', 'gender': 'F', 'dob': '2001-2-2', 'company': 'APD'}
2024-06-26 07:47:49,114 - ERROR - User name cannot be 1 character for user mobile -919000070128
2024-06-26 08:16:56,209 - INFO - new_record function started...
2024-06-26 08:16:56,210 - INFO - 454234234245 --> new_record function started...
2024-06-26 08:16:56,210 - INFO - Mobile number=454234234245 verification is successful
2024-06-26 08:16:56,223 - ERROR - User=kumar,entered wrong format of DOB
2024-06-26 08:16:56,223 - INFO - 454234234245 --> new_record function ended...
2024-06-26 08:16:56,223 - INFO - new_record function started...
2024-06-26 08:16:56,223 - INFO - 919000070128 --> new_record function started...
2024-06-26 08:16:56,224 - INFO - Mobile number=919000070128 verification is successful
2024-06-26 08:16:56,224 - INFO - Record added successfully :- {'records': [{'mobile': 919000070128, 'name': 'Kajal', 'gender': 'F', 'dob': '2001-2-2', 'company': 'APD'}]}
2024-06-26 08:16:56,224 - INFO - Saved records = {'records': [{'mobile': 919000070128, 'name': 'Kajal', 'gender': 'F', 'dob': '2001-2-2', 'company': 'APD'}]}
2024-06-26 08:16:56,224 - INFO - 919000070128 --> update_record function has started...
2024-06-26 08:16:56,224 - INFO - "message:-Modifying 1 record"
2024-06-26 08:17:02,068 - INFO - "message:- Previous record of 1 is :-" {'mobile': 919000070128, 'name': 'Kajal', 'gender': 'F', 'dob': '2001-2-2', 'company': 'APD'}
2024-06-26 08:17:02,068 - INFO - "message:-" "Modified 1 record is ":-{'mobile': 919000070128, 'name': 'sai', 'gender': 'M', 'dob': '2001-2-2', 'company': 'dell'}
2024-06-26 08:17:02,068 - INFO - updated record is = {'records': [{'mobile': 919000070128, 'name': 'sai', 'gender': 'M', 'dob': '2001-2-2', 'company': 'dell'}]}
2024-06-26 08:17:02,068 - INFO - update_record function has ended...
2024-06-26 08:17:02,068 - INFO - 919000070128 --> partial_update_record function has started...
2024-06-26 08:17:02,068 - INFO - "message:-" "Partial Modifying 1 record"
2024-06-26 08:17:37,996 - INFO - "message:-" "Partial Modified 1 record is ":-{'mobile': 919000070128, 'name': 'dinehs', 'gender': 'M', 'dob': '2001-2-2', 'company': 'dell'}
2024-06-26 08:17:37,996 - INFO - Saved Record={'records': [{'mobile': 919000070128, 'name': 'dinehs', 'gender': 'M', 'dob': '2001-2-2', 'company': 'dell'}]}
2024-06-26 08:17:37,997 - INFO - partial_update_record function has ended...
2024-06-26 08:17:52,008 - INFO - new_record function started...
2024-06-26 08:17:52,009 - INFO - 454234234245 --> new_record function started...
2024-06-26 08:17:52,009 - INFO - Mobile number=454234234245 verification is successful
2024-06-26 08:17:52,016 - ERROR - User=kumar,entered wrong format of DOB
2024-06-26 08:17:52,016 - INFO - 454234234245 --> new_record function ended...
2024-06-26 08:17:52,016 - INFO - new_record function started...
2024-06-26 08:17:52,016 - INFO - 919000070128 --> new_record function started...
2024-06-26 08:17:52,016 - INFO - Mobile number=919000070128 verification is successful
2024-06-26 08:17:52,016 - INFO - Record added successfully :- {'records': [{'mobile': 919000070128, 'name': 'Kajal', 'gender': 'F', 'dob': '2001-2-2', 'company': 'APD'}]}
2024-06-26 08:17:52,016 - INFO - Saved records = {'records': [{'mobile': 919000070128, 'name': 'Kajal', 'gender': 'F', 'dob': '2001-2-2', 'company': 'APD'}]}
2024-06-26 08:17:52,016 - INFO - 919000070128 --> update_record function has started...
2024-06-26 08:17:52,016 - INFO - "message:-Modifying 1 record"
2024-06-26 08:18:00,197 - INFO - "message:- Previous record of 1 is :-" {'mobile': 919000070128, 'name': 'Kajal', 'gender': 'F', 'dob': '2001-2-2', 'company': 'APD'}
2024-06-26 08:18:00,197 - INFO - "message:-" "Modified 1 record is ":-{'mobile': 919000070128, 'name': 'sai', 'gender': 'M', 'dob': '2001-2-2', 'company': 'Dell'}
2024-06-26 08:18:00,197 - INFO - updated record is = {'records': [{'mobile': 919000070128, 'name': 'sai', 'gender': 'M', 'dob': '2001-2-2', 'company': 'Dell'}]}
2024-06-26 08:18:00,198 - INFO - update_record function has ended...
2024-06-26 08:18:00,198 - INFO - 919000070128 --> partial_update_record function has started...
2024-06-26 08:18:00,198 - INFO - "message:-" "Partial Modifying 1 record"
2024-06-26 08:18:16,419 - ERROR - User name cannot be 1 character for user mobile -919000070128
2024-06-26 08:18:16,420 - INFO - Saved Record={'records': [{'mobile': 919000070128, 'name': 's', 'gender': 'M', 'dob': '2001-2-2', 'company': 'Dell'}]}
2024-06-26 08:18:16,420 - INFO - partial_update_record function has ended...
2024-06-26 08:19:16,903 - INFO - new_record function started...
2024-06-26 08:19:16,905 - INFO - 454234234245 --> new_record function started...
2024-06-26 08:19:16,905 - INFO - Mobile number=454234234245 verification is successful
2024-06-26 08:19:16,914 - ERROR - User=kumar,entered wrong format of DOB
2024-06-26 08:19:16,914 - INFO - 454234234245 --> new_record function ended...
2024-06-26 08:19:16,914 - INFO - new_record function started...
2024-06-26 08:19:16,914 - INFO - 919000070128 --> new_record function started...
2024-06-26 08:19:16,914 - INFO - Mobile number=919000070128 verification is successful
2024-06-26 08:19:16,915 - INFO - Record added successfully :- {'records': [{'mobile': 919000070128, 'name': 'Kajal', 'gender': 'F', 'dob': '2001-2-2', 'company': 'APD'}]}
2024-06-26 08:19:16,915 - INFO - Saved records = {'records': [{'mobile': 919000070128, 'name': 'Kajal', 'gender': 'F', 'dob': '2001-2-2', 'company': 'APD'}]}
2024-06-26 08:19:16,915 - INFO - 919000070128 --> update_record function has started...
2024-06-26 08:19:16,915 - INFO - "message:-Modifying 1 record"
2024-06-26 08:19:23,007 - INFO - "message:- Previous record of 1 is :-" {'mobile': 919000070128, 'name': 'Kajal', 'gender': 'F', 'dob': '2001-2-2', 'company': 'APD'}
2024-06-26 08:19:23,007 - INFO - "message:-" "Modified 1 record is ":-{'mobile': 919000070128, 'name': 'sai', 'gender': 'M', 'dob': '2001-2-2', 'company': 'dell'}
2024-06-26 08:19:23,008 - INFO - updated record is = {'records': [{'mobile': 919000070128, 'name': 'sai', 'gender': 'M', 'dob': '2001-2-2', 'company': 'dell'}]}
2024-06-26 08:19:23,009 - INFO - update_record function has ended...
2024-06-26 08:19:23,009 - INFO - 919000070128 --> partial_update_record function has started...
2024-06-26 08:19:23,009 - INFO - "message:-" "Partial Modifying 1 record"
2024-06-26 08:19:24,630 - ERROR - User name cannot be 1 character for user mobile -919000070128
2024-06-26 08:19:24,630 - INFO - Saved Record={'records': [{'mobile': 919000070128, 'name': 'sai', 'gender': 'M', 'dob': '2001-2-2', 'company': 'dell'}]}
2024-06-26 08:19:24,630 - INFO - partial_update_record function has ended...
2024-06-26 08:20:13,634 - INFO - 95524263554 --> delete_record function has started...
2024-06-26 08:20:13,634 - DEBUG - Entered number is not a registered number
2024-06-26 08:21:17,263 - INFO - new_record function started...
2024-06-26 08:21:17,263 - INFO - 454234234245 --> new_record function started...
2024-06-26 08:21:17,263 - INFO - Mobile number=454234234245 verification is successful
2024-06-26 08:21:17,268 - ERROR - User=kumar,entered wrong format of DOB
2024-06-26 08:21:17,268 - INFO - 454234234245 --> new_record function ended...
2024-06-26 08:21:17,268 - INFO - new_record function started...
2024-06-26 08:21:17,269 - INFO - 919000070128 --> new_record function started...
2024-06-26 08:21:17,269 - INFO - Mobile number=919000070128 verification is successful
2024-06-26 08:21:17,269 - INFO - Record added successfully :- {'records': [{'mobile': 919000070128, 'name': 'Kajal', 'gender': 'F', 'dob': '2001-2-2', 'company': 'APD'}]}
2024-06-26 08:21:17,269 - INFO - Saved records = {'records': [{'mobile': 919000070128, 'name': 'Kajal', 'gender': 'F', 'dob': '2001-2-2', 'company': 'APD'}]}
2024-06-26 08:21:17,269 - INFO - 919000070128 --> update_record function has started...
2024-06-26 08:21:17,269 - INFO - "message:-Modifying 1 record"
2024-06-26 08:21:45,971 - INFO - "message:- Previous record of 1 is :-" {'mobile': 919000070128, 'name': 'Kajal', 'gender': 'F', 'dob': '2001-2-2', 'company': 'APD'}
2024-06-26 08:21:45,971 - INFO - "message:-" "Modified 1 record is ":-{'mobile': 919000070128, 'name': 'sai', 'gender': 'M', 'dob': '2001-2-2', 'company': 'dell'}
2024-06-26 08:21:45,971 - INFO - updated record is = {'records': [{'mobile': 919000070128, 'name': 'sai', 'gender': 'M', 'dob': '2001-2-2', 'company': 'dell'}]}
2024-06-26 08:21:45,971 - INFO - update_record function has ended...
2024-06-26 08:21:45,971 - INFO - 919000070128 --> partial_update_record function has started...
2024-06-26 08:21:45,972 - INFO - "message:-" "Partial Modifying 1 record"
2024-06-26 08:22:02,939 - ERROR - User name cannot be 1 character for user mobile -919000070128
2024-06-26 08:22:02,940 - INFO - Saved Record={'records': [{'mobile': 919000070128, 'name': 'sai', 'gender': 'M', 'dob': '2001-2-2', 'company': 'dell'}]}
2024-06-26 08:22:02,940 - INFO - partial_update_record function has ended...
2024-06-26 08:22:18,524 - INFO - 9522251155 --> delete_record function has started...
2024-06-26 08:22:18,524 - DEBUG - Entered number is not a registered number
2024-06-26 08:23:52,260 - INFO - new_record function started...
2024-06-26 08:23:52,260 - INFO - 454234234245 --> new_record function started...
2024-06-26 08:23:52,261 - INFO - Mobile number=454234234245 verification is successful
2024-06-26 08:23:52,266 - ERROR - User=kumar,entered wrong format of DOB
2024-06-26 08:23:52,266 - INFO - 454234234245 --> new_record function ended...
2024-06-26 08:23:52,267 - INFO - new_record function started...
2024-06-26 08:23:52,267 - INFO - 919000070128 --> new_record function started...
2024-06-26 08:23:52,267 - INFO - Mobile number=919000070128 verification is successful
2024-06-26 08:23:52,267 - INFO - Record added successfully :- {'records': [{'mobile': 919000070128, 'name': 'Kajal', 'gender': 'F', 'dob': '2001-2-2', 'company': 'APD'}]}
2024-06-26 08:23:52,267 - INFO - Saved records = {'records': [{'mobile': 919000070128, 'name': 'Kajal', 'gender': 'F', 'dob': '2001-2-2', 'company': 'APD'}]}
2024-06-26 08:23:52,267 - INFO - 919000070128 --> update_record function has started...
2024-06-26 08:23:52,268 - INFO - "message:-Modifying 1 record"
2024-06-26 08:24:01,745 - INFO - "message:- Previous record of 1 is :-" {'mobile': 919000070128, 'name': 'Kajal', 'gender': 'F', 'dob': '2001-2-2', 'company': 'APD'}
2024-06-26 08:24:01,745 - ERROR - User=sai entered invalid gender = E
2024-06-26 08:24:06,735 - INFO - new_record function started...
2024-06-26 08:24:06,735 - INFO - 454234234245 --> new_record function started...
2024-06-26 08:24:06,735 - INFO - Mobile number=454234234245 verification is successful
2024-06-26 08:24:06,741 - ERROR - User=kumar,entered wrong format of DOB
2024-06-26 08:24:06,741 - INFO - 454234234245 --> new_record function ended...
2024-06-26 08:24:06,741 - INFO - new_record function started...
2024-06-26 08:24:06,741 - INFO - 919000070128 --> new_record function started...
2024-06-26 08:24:06,741 - INFO - Mobile number=919000070128 verification is successful
2024-06-26 08:24:06,741 - INFO - Record added successfully :- {'records': [{'mobile': 919000070128, 'name': 'Kajal', 'gender': 'F', 'dob': '2001-2-2', 'company': 'APD'}]}
2024-06-26 08:24:06,741 - INFO - Saved records = {'records': [{'mobile': 919000070128, 'name': 'Kajal', 'gender': 'F', 'dob': '2001-2-2', 'company': 'APD'}]}
2024-06-26 08:24:06,741 - INFO - 919000070128 --> update_record function has started...
2024-06-26 08:24:06,741 - INFO - "message:-Modifying 1 record"
2024-06-26 08:24:15,881 - INFO - "message:- Previous record of 1 is :-" {'mobile': 919000070128, 'name': 'Kajal', 'gender': 'F', 'dob': '2001-2-2', 'company': 'APD'}
2024-06-26 08:24:15,883 - INFO - "message:-" "Modified 1 record is ":-{'mobile': 919000070128, 'name': 'sai', 'gender': 'M', 'dob': '2001-2-2', 'company': 'dell'}
2024-06-26 08:24:15,883 - INFO - updated record is = {'records': [{'mobile': 919000070128, 'name': 'sai', 'gender': 'M', 'dob': '2001-2-2', 'company': 'dell'}]}
2024-06-26 08:24:15,883 - INFO - update_record function has ended...
2024-06-26 08:24:15,883 - INFO - 919000070128 --> partial_update_record function has started...
2024-06-26 08:24:15,883 - INFO - "message:-" "Partial Modifying 1 record"
2024-06-26 08:24:19,870 - ERROR - User name cannot be 1 character for user mobile -919000070128
2024-06-26 08:24:19,870 - INFO - Saved Record={'records': [{'mobile': 919000070128, 'name': 'sai', 'gender': 'M', 'dob': '2001-2-2', 'company': 'dell'}]}
2024-06-26 08:24:19,871 - INFO - partial_update_record function has ended...
2024-06-26 08:27:40,053 - INFO - new_record function started...
2024-06-26 08:27:40,053 - INFO - 454234234245 --> new_record function started...
2024-06-26 08:27:40,053 - INFO - Mobile number=454234234245 verification is successful
2024-06-26 08:27:40,060 - ERROR - User=kumar,entered wrong format of DOB
2024-06-26 08:27:40,062 - INFO - 454234234245 --> new_record function ended...
2024-06-26 08:27:40,062 - INFO - new_record function started...
2024-06-26 08:27:40,062 - INFO - 919000070128 --> new_record function started...
2024-06-26 08:27:40,062 - INFO - Mobile number=919000070128 verification is successful
2024-06-26 08:27:40,062 - INFO - Record added successfully :- {'records': [{'mobile': 919000070128, 'name': 'Kajal', 'gender': 'F', 'dob': '2001-2-2', 'company': 'APD'}]}
2024-06-26 08:27:40,062 - INFO - Saved records = {'records': [{'mobile': 919000070128, 'name': 'Kajal', 'gender': 'F', 'dob': '2001-2-2', 'company': 'APD'}]}
2024-06-26 08:27:40,062 - INFO - 919000070128 --> update_record function has started...
2024-06-26 08:27:40,062 - INFO - "message:-Modifying 1 record"
2024-06-26 08:28:07,214 - INFO - "message:- Previous record of 1 is :-" {'mobile': 919000070128, 'name': 'Kajal', 'gender': 'F', 'dob': '2001-2-2', 'company': 'APD'}
2024-06-26 08:28:07,215 - ERROR - User name cannot be 1 character for user mobile -919000070128
2024-06-26 08:28:07,215 - INFO - update_record function has ended...
2024-06-26 08:28:07,215 - INFO - 919000070128 --> partial_update_record function has started...
2024-06-26 08:28:07,215 - INFO - "message:-" "Partial Modifying 1 record"
2024-06-26 08:28:34,222 - ERROR - User name cannot be 1 character for user mobile -919000070128
2024-06-26 08:28:34,222 - INFO - Saved Record={'records': [{'mobile': 919000070128, 'name': 'Kajal', 'gender': 'F', 'dob': '2001-2-2', 'company': 'APD'}]}
2024-06-26 08:28:34,222 - INFO - partial_update_record function has ended...
2024-06-26 08:28:52,852 - INFO - 919000070128 --> delete_record function has started...
2024-06-26 08:28:52,852 - INFO - Deleted the record contains mobile number=919000070128
2024-06-26 08:28:52,852 - INFO - After deleting data is = {'records': [{}]}
2024-06-26 08:29:01,341 - INFO - new_record function started...
2024-06-26 08:29:01,341 - INFO - 454234234245 --> new_record function started...
2024-06-26 08:29:01,341 - INFO - Mobile number=454234234245 verification is successful
2024-06-26 08:29:01,350 - ERROR - User=kumar,entered wrong format of DOB
2024-06-26 08:29:01,350 - INFO - 454234234245 --> new_record function ended...
2024-06-26 08:29:01,350 - INFO - new_record function started...
2024-06-26 08:29:01,350 - INFO - 919000070128 --> new_record function started...
2024-06-26 08:29:01,350 - INFO - Mobile number=919000070128 verification is successful
2024-06-26 08:29:01,350 - INFO - Record added successfully :- {'records': [{'mobile': 919000070128, 'name': 'Kajal', 'gender': 'F', 'dob': '2001-2-2', 'company': 'APD'}]}
2024-06-26 08:29:01,350 - INFO - Saved records = {'records': [{'mobile': 919000070128, 'name': 'Kajal', 'gender': 'F', 'dob': '2001-2-2', 'company': 'APD'}]}
2024-06-26 08:29:01,350 - INFO - 919000070128 --> update_record function has started...
2024-06-26 08:29:01,350 - INFO - "message:-Modifying 1 record"
2024-06-26 08:29:10,145 - INFO - "message:- Previous record of 1 is :-" {'mobile': 919000070128, 'name': 'Kajal', 'gender': 'F', 'dob': '2001-2-2', 'company': 'APD'}
2024-06-26 08:29:10,145 - ERROR - User=sai entered invalid gender = E
2024-06-26 08:29:10,145 - INFO - update_record function has ended...
2024-06-26 08:29:10,146 - INFO - 919000070128 --> partial_update_record function has started...
2024-06-26 08:29:10,146 - INFO - "message:-" "Partial Modifying 1 record"
2024-06-26 08:31:36,155 - INFO - new_record function started...
2024-06-26 08:31:36,155 - INFO - 454234234245 --> new_record function started...
2024-06-26 08:31:36,155 - INFO - Mobile number=454234234245 verification is successful
2024-06-26 08:31:36,160 - ERROR - User=kumar,entered wrong format of DOB
2024-06-26 08:31:36,160 - INFO - 454234234245 --> new_record function ended...
2024-06-26 08:31:36,160 - INFO - new_record function started...
2024-06-26 08:31:36,161 - INFO - 919000070128 --> new_record function started...
2024-06-26 08:31:36,161 - INFO - Mobile number=919000070128 verification is successful
2024-06-26 08:31:36,161 - INFO - Record added successfully :- {'records': [{'mobile': 919000070128, 'name': 'Kajal', 'gender': 'F', 'dob': '2001-2-2', 'company': 'APD'}]}
2024-06-26 08:31:36,161 - INFO - Saved records = {'records': [{'mobile': 919000070128, 'name': 'Kajal', 'gender': 'F', 'dob': '2001-2-2', 'company': 'APD'}]}
2024-06-26 08:31:36,161 - INFO - 919000070128 --> update_record function has started...
2024-06-26 08:31:36,161 - INFO - "message:-Modifying 1 record"
2024-06-26 08:32:10,724 - INFO - new_record function started...
2024-06-26 08:32:10,724 - INFO - 454234234245 --> new_record function started...
2024-06-26 08:32:10,724 - INFO - Mobile number=454234234245 verification is successful
2024-06-26 08:32:10,729 - ERROR - User=kumar,entered wrong format of DOB
2024-06-26 08:32:10,729 - INFO - 454234234245 --> new_record function ended...
2024-06-26 08:32:10,729 - INFO - new_record function started...
2024-06-26 08:32:10,729 - INFO - 919000070128 --> new_record function started...
2024-06-26 08:32:10,730 - INFO - Mobile number=919000070128 verification is successful
2024-06-26 08:32:10,730 - INFO - Record added successfully :- {'records': [{'mobile': 919000070128, 'name': 'Kajal', 'gender': 'F', 'dob': '2001-2-2', 'company': 'APD'}]}
2024-06-26 08:32:10,730 - INFO - Saved records = {'records': [{'mobile': 919000070128, 'name': 'Kajal', 'gender': 'F', 'dob': '2001-2-2', 'company': 'APD'}]}
2024-06-26 08:32:10,730 - INFO - 919000070128 --> update_record function has started...
2024-06-26 08:32:10,730 - INFO - "message:-Modifying 1 record"
2024-06-26 08:32:18,364 - INFO - new_record function started...
2024-06-26 08:32:18,364 - INFO - 454234234245 --> new_record function started...
2024-06-26 08:32:18,364 - INFO - Mobile number=454234234245 verification is successful
2024-06-26 08:32:18,373 - ERROR - User=kumar,entered wrong format of DOB
2024-06-26 08:32:18,373 - INFO - 454234234245 --> new_record function ended...
2024-06-26 08:32:18,373 - INFO - new_record function started...
2024-06-26 08:32:18,373 - INFO - 919000070128 --> new_record function started...
2024-06-26 08:32:18,373 - INFO - Mobile number=919000070128 verification is successful
2024-06-26 08:32:18,373 - INFO - Record added successfully :- {'records': [{'mobile': 919000070128, 'name': 'Kajal', 'gender': 'F', 'dob': '2001-2-2', 'company': 'APD'}]}
2024-06-26 08:32:18,373 - INFO - Saved records = {'records': [{'mobile': 919000070128, 'name': 'Kajal', 'gender': 'F', 'dob': '2001-2-2', 'company': 'APD'}]}
2024-06-26 08:32:18,373 - INFO - 919000070128 --> update_record function has started...
2024-06-26 08:32:18,373 - INFO - "message:-Modifying 1 record"
